[2021-05-06T15:14:45,929][INFO ][o.e.e.NodeEnvironment    ] [VfeL3XW] using [1] data paths, mounts [[/ (/dev/vda1)]], net usable_space [22.2gb], net total_space [39.9gb], types [xfs]
[2021-05-06T15:14:45,931][INFO ][o.e.e.NodeEnvironment    ] [VfeL3XW] heap size [990.7mb], compressed ordinary object pointers [true]
[2021-05-06T15:14:45,932][INFO ][o.e.n.Node               ] [VfeL3XW] node name derived from node ID [VfeL3XWSQ1yfnVb2EB4ieA]; set [node.name] to override
[2021-05-06T15:14:45,933][INFO ][o.e.n.Node               ] [VfeL3XW] version[6.8.5], pid[28276], build[oss/tar/78990e9/2019-11-13T20:04:24.100411Z], OS[Linux/4.18.0-147.5.1.el8_1.x86_64/amd64], JVM[Red Hat, Inc./OpenJDK 64-Bit Server VM/1.8.0_292/25.292-b10]
[2021-05-06T15:14:45,933][INFO ][o.e.n.Node               ] [VfeL3XW] JVM arguments [-Xms1g, -Xmx1g, -XX:+UseConcMarkSweepGC, -XX:CMSInitiatingOccupancyFraction=75, -XX:+UseCMSInitiatingOccupancyOnly, -Des.networkaddress.cache.ttl=60, -Des.networkaddress.cache.negative.ttl=10, -XX:+AlwaysPreTouch, -Xss1m, -Djava.awt.headless=true, -Dfile.encoding=UTF-8, -Djna.nosys=true, -XX:-OmitStackTraceInFastThrow, -Dio.netty.noUnsafe=true, -Dio.netty.noKeySetOptimization=true, -Dio.netty.recycler.maxCapacityPerThread=0, -Dlog4j.shutdownHookEnabled=false, -Dlog4j2.disable.jmx=true, -Djava.io.tmpdir=/tmp/elasticsearch-4153197359571587058, -XX:+HeapDumpOnOutOfMemoryError, -XX:HeapDumpPath=data, -XX:ErrorFile=logs/hs_err_pid%p.log, -XX:+PrintGCDetails, -XX:+PrintGCDateStamps, -XX:+PrintTenuringDistribution, -XX:+PrintGCApplicationStoppedTime, -Xloggc:logs/gc.log, -XX:+UseGCLogFileRotation, -XX:NumberOfGCLogFiles=32, -XX:GCLogFileSize=64m, -Des.path.home=/www/wwwroot/elasticsearch-6.8.5, -Des.path.conf=/www/wwwroot/elasticsearch-6.8.5/config, -Des.distribution.flavor=oss, -Des.distribution.type=tar]
[2021-05-06T15:14:45,947][ERROR][o.e.b.Bootstrap          ] [VfeL3XW] Exception
java.lang.IllegalStateException: Could not load plugin descriptor for plugin directory [ik]
	at org.elasticsearch.plugins.PluginsService.readPluginBundle(PluginsService.java:401) ~[elasticsearch-6.8.5.jar:6.8.5]
	at org.elasticsearch.plugins.PluginsService.findBundles(PluginsService.java:386) ~[elasticsearch-6.8.5.jar:6.8.5]
	at org.elasticsearch.plugins.PluginsService.getPluginBundles(PluginsService.java:379) ~[elasticsearch-6.8.5.jar:6.8.5]
	at org.elasticsearch.plugins.PluginsService.<init>(PluginsService.java:151) ~[elasticsearch-6.8.5.jar:6.8.5]
	at org.elasticsearch.node.Node.<init>(Node.java:339) ~[elasticsearch-6.8.5.jar:6.8.5]
	at org.elasticsearch.node.Node.<init>(Node.java:266) ~[elasticsearch-6.8.5.jar:6.8.5]
	at org.elasticsearch.bootstrap.Bootstrap$5.<init>(Bootstrap.java:212) ~[elasticsearch-6.8.5.jar:6.8.5]
	at org.elasticsearch.bootstrap.Bootstrap.setup(Bootstrap.java:212) ~[elasticsearch-6.8.5.jar:6.8.5]
	at org.elasticsearch.bootstrap.Bootstrap.init(Bootstrap.java:333) [elasticsearch-6.8.5.jar:6.8.5]
	at org.elasticsearch.bootstrap.Elasticsearch.init(Elasticsearch.java:159) [elasticsearch-6.8.5.jar:6.8.5]
	at org.elasticsearch.bootstrap.Elasticsearch.execute(Elasticsearch.java:150) [elasticsearch-6.8.5.jar:6.8.5]
	at org.elasticsearch.cli.EnvironmentAwareCommand.execute(EnvironmentAwareCommand.java:86) [elasticsearch-6.8.5.jar:6.8.5]
	at org.elasticsearch.cli.Command.mainWithoutErrorHandling(Command.java:124) [elasticsearch-cli-6.8.5.jar:6.8.5]
	at org.elasticsearch.cli.Command.main(Command.java:90) [elasticsearch-cli-6.8.5.jar:6.8.5]
	at org.elasticsearch.bootstrap.Elasticsearch.main(Elasticsearch.java:116) [elasticsearch-6.8.5.jar:6.8.5]
	at org.elasticsearch.bootstrap.Elasticsearch.main(Elasticsearch.java:93) [elasticsearch-6.8.5.jar:6.8.5]
Caused by: java.nio.file.NoSuchFileException: /www/wwwroot/elasticsearch-6.8.5/plugins/ik/plugin-descriptor.properties
	at sun.nio.fs.UnixException.translateToIOException(UnixException.java:86) ~[?:?]
	at sun.nio.fs.UnixException.rethrowAsIOException(UnixException.java:102) ~[?:?]
	at sun.nio.fs.UnixException.rethrowAsIOException(UnixException.java:107) ~[?:?]
	at sun.nio.fs.UnixFileSystemProvider.newByteChannel(UnixFileSystemProvider.java:214) ~[?:?]
	at java.nio.file.Files.newByteChannel(Files.java:361) ~[?:1.8.0_292]
	at java.nio.file.Files.newByteChannel(Files.java:407) ~[?:1.8.0_292]
	at java.nio.file.spi.FileSystemProvider.newInputStream(FileSystemProvider.java:384) ~[?:1.8.0_292]
	at java.nio.file.Files.newInputStream(Files.java:152) ~[?:1.8.0_292]
	at org.elasticsearch.plugins.PluginInfo.readFromProperties(PluginInfo.java:162) ~[elasticsearch-6.8.5.jar:6.8.5]
	at org.elasticsearch.plugins.PluginsService.readPluginBundle(PluginsService.java:398) ~[elasticsearch-6.8.5.jar:6.8.5]
	... 15 more
[2021-05-06T15:14:45,953][WARN ][o.e.b.ElasticsearchUncaughtExceptionHandler] [VfeL3XW] uncaught exception in thread [main]
org.elasticsearch.bootstrap.StartupException: java.lang.IllegalStateException: Could not load plugin descriptor for plugin directory [ik]
	at org.elasticsearch.bootstrap.Elasticsearch.init(Elasticsearch.java:163) ~[elasticsearch-6.8.5.jar:6.8.5]
	at org.elasticsearch.bootstrap.Elasticsearch.execute(Elasticsearch.java:150) ~[elasticsearch-6.8.5.jar:6.8.5]
	at org.elasticsearch.cli.EnvironmentAwareCommand.execute(EnvironmentAwareCommand.java:86) ~[elasticsearch-6.8.5.jar:6.8.5]
	at org.elasticsearch.cli.Command.mainWithoutErrorHandling(Command.java:124) ~[elasticsearch-cli-6.8.5.jar:6.8.5]
	at org.elasticsearch.cli.Command.main(Command.java:90) ~[elasticsearch-cli-6.8.5.jar:6.8.5]
	at org.elasticsearch.bootstrap.Elasticsearch.main(Elasticsearch.java:116) ~[elasticsearch-6.8.5.jar:6.8.5]
	at org.elasticsearch.bootstrap.Elasticsearch.main(Elasticsearch.java:93) ~[elasticsearch-6.8.5.jar:6.8.5]
Caused by: java.lang.IllegalStateException: Could not load plugin descriptor for plugin directory [ik]
	at org.elasticsearch.plugins.PluginsService.readPluginBundle(PluginsService.java:401) ~[elasticsearch-6.8.5.jar:6.8.5]
	at org.elasticsearch.plugins.PluginsService.findBundles(PluginsService.java:386) ~[elasticsearch-6.8.5.jar:6.8.5]
	at org.elasticsearch.plugins.PluginsService.getPluginBundles(PluginsService.java:379) ~[elasticsearch-6.8.5.jar:6.8.5]
	at org.elasticsearch.plugins.PluginsService.<init>(PluginsService.java:151) ~[elasticsearch-6.8.5.jar:6.8.5]
	at org.elasticsearch.node.Node.<init>(Node.java:339) ~[elasticsearch-6.8.5.jar:6.8.5]
	at org.elasticsearch.node.Node.<init>(Node.java:266) ~[elasticsearch-6.8.5.jar:6.8.5]
	at org.elasticsearch.bootstrap.Bootstrap$5.<init>(Bootstrap.java:212) ~[elasticsearch-6.8.5.jar:6.8.5]
	at org.elasticsearch.bootstrap.Bootstrap.setup(Bootstrap.java:212) ~[elasticsearch-6.8.5.jar:6.8.5]
	at org.elasticsearch.bootstrap.Bootstrap.init(Bootstrap.java:333) ~[elasticsearch-6.8.5.jar:6.8.5]
	at org.elasticsearch.bootstrap.Elasticsearch.init(Elasticsearch.java:159) ~[elasticsearch-6.8.5.jar:6.8.5]
	... 6 more
Caused by: java.nio.file.NoSuchFileException: /www/wwwroot/elasticsearch-6.8.5/plugins/ik/plugin-descriptor.properties
	at sun.nio.fs.UnixException.translateToIOException(UnixException.java:86) ~[?:?]
	at sun.nio.fs.UnixException.rethrowAsIOException(UnixException.java:102) ~[?:?]
	at sun.nio.fs.UnixException.rethrowAsIOException(UnixException.java:107) ~[?:?]
	at sun.nio.fs.UnixFileSystemProvider.newByteChannel(UnixFileSystemProvider.java:214) ~[?:?]
	at java.nio.file.Files.newByteChannel(Files.java:361) ~[?:1.8.0_292]
	at java.nio.file.Files.newByteChannel(Files.java:407) ~[?:1.8.0_292]
	at java.nio.file.spi.FileSystemProvider.newInputStream(FileSystemProvider.java:384) ~[?:1.8.0_292]
	at java.nio.file.Files.newInputStream(Files.java:152) ~[?:1.8.0_292]
	at org.elasticsearch.plugins.PluginInfo.readFromProperties(PluginInfo.java:162) ~[elasticsearch-6.8.5.jar:6.8.5]
	at org.elasticsearch.plugins.PluginsService.readPluginBundle(PluginsService.java:398) ~[elasticsearch-6.8.5.jar:6.8.5]
	at org.elasticsearch.plugins.PluginsService.findBundles(PluginsService.java:386) ~[elasticsearch-6.8.5.jar:6.8.5]
	at org.elasticsearch.plugins.PluginsService.getPluginBundles(PluginsService.java:379) ~[elasticsearch-6.8.5.jar:6.8.5]
	at org.elasticsearch.plugins.PluginsService.<init>(PluginsService.java:151) ~[elasticsearch-6.8.5.jar:6.8.5]
	at org.elasticsearch.node.Node.<init>(Node.java:339) ~[elasticsearch-6.8.5.jar:6.8.5]
	at org.elasticsearch.node.Node.<init>(Node.java:266) ~[elasticsearch-6.8.5.jar:6.8.5]
	at org.elasticsearch.bootstrap.Bootstrap$5.<init>(Bootstrap.java:212) ~[elasticsearch-6.8.5.jar:6.8.5]
	at org.elasticsearch.bootstrap.Bootstrap.setup(Bootstrap.java:212) ~[elasticsearch-6.8.5.jar:6.8.5]
	at org.elasticsearch.bootstrap.Bootstrap.init(Bootstrap.java:333) ~[elasticsearch-6.8.5.jar:6.8.5]
	at org.elasticsearch.bootstrap.Elasticsearch.init(Elasticsearch.java:159) ~[elasticsearch-6.8.5.jar:6.8.5]
	... 6 more
[2021-05-06T15:20:11,592][INFO ][o.e.e.NodeEnvironment    ] [VfeL3XW] using [1] data paths, mounts [[/ (/dev/vda1)]], net usable_space [22.2gb], net total_space [39.9gb], types [xfs]
[2021-05-06T15:20:11,595][INFO ][o.e.e.NodeEnvironment    ] [VfeL3XW] heap size [990.7mb], compressed ordinary object pointers [true]
[2021-05-06T15:20:11,596][INFO ][o.e.n.Node               ] [VfeL3XW] node name derived from node ID [VfeL3XWSQ1yfnVb2EB4ieA]; set [node.name] to override
[2021-05-06T15:20:11,596][INFO ][o.e.n.Node               ] [VfeL3XW] version[6.8.5], pid[28765], build[oss/tar/78990e9/2019-11-13T20:04:24.100411Z], OS[Linux/4.18.0-147.5.1.el8_1.x86_64/amd64], JVM[Red Hat, Inc./OpenJDK 64-Bit Server VM/1.8.0_292/25.292-b10]
[2021-05-06T15:20:11,597][INFO ][o.e.n.Node               ] [VfeL3XW] JVM arguments [-Xms1g, -Xmx1g, -XX:+UseConcMarkSweepGC, -XX:CMSInitiatingOccupancyFraction=75, -XX:+UseCMSInitiatingOccupancyOnly, -Des.networkaddress.cache.ttl=60, -Des.networkaddress.cache.negative.ttl=10, -XX:+AlwaysPreTouch, -Xss1m, -Djava.awt.headless=true, -Dfile.encoding=UTF-8, -Djna.nosys=true, -XX:-OmitStackTraceInFastThrow, -Dio.netty.noUnsafe=true, -Dio.netty.noKeySetOptimization=true, -Dio.netty.recycler.maxCapacityPerThread=0, -Dlog4j.shutdownHookEnabled=false, -Dlog4j2.disable.jmx=true, -Djava.io.tmpdir=/tmp/elasticsearch-6042807423794885741, -XX:+HeapDumpOnOutOfMemoryError, -XX:HeapDumpPath=data, -XX:ErrorFile=logs/hs_err_pid%p.log, -XX:+PrintGCDetails, -XX:+PrintGCDateStamps, -XX:+PrintTenuringDistribution, -XX:+PrintGCApplicationStoppedTime, -Xloggc:logs/gc.log, -XX:+UseGCLogFileRotation, -XX:NumberOfGCLogFiles=32, -XX:GCLogFileSize=64m, -Des.path.home=/www/wwwroot/elasticsearch-6.8.5, -Des.path.conf=/www/wwwroot/elasticsearch-6.8.5/config, -Des.distribution.flavor=oss, -Des.distribution.type=tar]
[2021-05-06T15:20:11,612][ERROR][o.e.b.Bootstrap          ] [VfeL3XW] Exception
java.lang.IllegalStateException: Could not load plugin descriptor for plugin directory [ik]
	at org.elasticsearch.plugins.PluginsService.readPluginBundle(PluginsService.java:401) ~[elasticsearch-6.8.5.jar:6.8.5]
	at org.elasticsearch.plugins.PluginsService.findBundles(PluginsService.java:386) ~[elasticsearch-6.8.5.jar:6.8.5]
	at org.elasticsearch.plugins.PluginsService.getPluginBundles(PluginsService.java:379) ~[elasticsearch-6.8.5.jar:6.8.5]
	at org.elasticsearch.plugins.PluginsService.<init>(PluginsService.java:151) ~[elasticsearch-6.8.5.jar:6.8.5]
	at org.elasticsearch.node.Node.<init>(Node.java:339) ~[elasticsearch-6.8.5.jar:6.8.5]
	at org.elasticsearch.node.Node.<init>(Node.java:266) ~[elasticsearch-6.8.5.jar:6.8.5]
	at org.elasticsearch.bootstrap.Bootstrap$5.<init>(Bootstrap.java:212) ~[elasticsearch-6.8.5.jar:6.8.5]
	at org.elasticsearch.bootstrap.Bootstrap.setup(Bootstrap.java:212) ~[elasticsearch-6.8.5.jar:6.8.5]
	at org.elasticsearch.bootstrap.Bootstrap.init(Bootstrap.java:333) [elasticsearch-6.8.5.jar:6.8.5]
	at org.elasticsearch.bootstrap.Elasticsearch.init(Elasticsearch.java:159) [elasticsearch-6.8.5.jar:6.8.5]
	at org.elasticsearch.bootstrap.Elasticsearch.execute(Elasticsearch.java:150) [elasticsearch-6.8.5.jar:6.8.5]
	at org.elasticsearch.cli.EnvironmentAwareCommand.execute(EnvironmentAwareCommand.java:86) [elasticsearch-6.8.5.jar:6.8.5]
	at org.elasticsearch.cli.Command.mainWithoutErrorHandling(Command.java:124) [elasticsearch-cli-6.8.5.jar:6.8.5]
	at org.elasticsearch.cli.Command.main(Command.java:90) [elasticsearch-cli-6.8.5.jar:6.8.5]
	at org.elasticsearch.bootstrap.Elasticsearch.main(Elasticsearch.java:116) [elasticsearch-6.8.5.jar:6.8.5]
	at org.elasticsearch.bootstrap.Elasticsearch.main(Elasticsearch.java:93) [elasticsearch-6.8.5.jar:6.8.5]
Caused by: java.nio.file.NoSuchFileException: /www/wwwroot/elasticsearch-6.8.5/plugins/ik/plugin-descriptor.properties
	at sun.nio.fs.UnixException.translateToIOException(UnixException.java:86) ~[?:?]
	at sun.nio.fs.UnixException.rethrowAsIOException(UnixException.java:102) ~[?:?]
	at sun.nio.fs.UnixException.rethrowAsIOException(UnixException.java:107) ~[?:?]
	at sun.nio.fs.UnixFileSystemProvider.newByteChannel(UnixFileSystemProvider.java:214) ~[?:?]
	at java.nio.file.Files.newByteChannel(Files.java:361) ~[?:1.8.0_292]
	at java.nio.file.Files.newByteChannel(Files.java:407) ~[?:1.8.0_292]
	at java.nio.file.spi.FileSystemProvider.newInputStream(FileSystemProvider.java:384) ~[?:1.8.0_292]
	at java.nio.file.Files.newInputStream(Files.java:152) ~[?:1.8.0_292]
	at org.elasticsearch.plugins.PluginInfo.readFromProperties(PluginInfo.java:162) ~[elasticsearch-6.8.5.jar:6.8.5]
	at org.elasticsearch.plugins.PluginsService.readPluginBundle(PluginsService.java:398) ~[elasticsearch-6.8.5.jar:6.8.5]
	... 15 more
[2021-05-06T15:20:11,618][WARN ][o.e.b.ElasticsearchUncaughtExceptionHandler] [VfeL3XW] uncaught exception in thread [main]
org.elasticsearch.bootstrap.StartupException: java.lang.IllegalStateException: Could not load plugin descriptor for plugin directory [ik]
	at org.elasticsearch.bootstrap.Elasticsearch.init(Elasticsearch.java:163) ~[elasticsearch-6.8.5.jar:6.8.5]
	at org.elasticsearch.bootstrap.Elasticsearch.execute(Elasticsearch.java:150) ~[elasticsearch-6.8.5.jar:6.8.5]
	at org.elasticsearch.cli.EnvironmentAwareCommand.execute(EnvironmentAwareCommand.java:86) ~[elasticsearch-6.8.5.jar:6.8.5]
	at org.elasticsearch.cli.Command.mainWithoutErrorHandling(Command.java:124) ~[elasticsearch-cli-6.8.5.jar:6.8.5]
	at org.elasticsearch.cli.Command.main(Command.java:90) ~[elasticsearch-cli-6.8.5.jar:6.8.5]
	at org.elasticsearch.bootstrap.Elasticsearch.main(Elasticsearch.java:116) ~[elasticsearch-6.8.5.jar:6.8.5]
	at org.elasticsearch.bootstrap.Elasticsearch.main(Elasticsearch.java:93) ~[elasticsearch-6.8.5.jar:6.8.5]
Caused by: java.lang.IllegalStateException: Could not load plugin descriptor for plugin directory [ik]
	at org.elasticsearch.plugins.PluginsService.readPluginBundle(PluginsService.java:401) ~[elasticsearch-6.8.5.jar:6.8.5]
	at org.elasticsearch.plugins.PluginsService.findBundles(PluginsService.java:386) ~[elasticsearch-6.8.5.jar:6.8.5]
	at org.elasticsearch.plugins.PluginsService.getPluginBundles(PluginsService.java:379) ~[elasticsearch-6.8.5.jar:6.8.5]
	at org.elasticsearch.plugins.PluginsService.<init>(PluginsService.java:151) ~[elasticsearch-6.8.5.jar:6.8.5]
	at org.elasticsearch.node.Node.<init>(Node.java:339) ~[elasticsearch-6.8.5.jar:6.8.5]
	at org.elasticsearch.node.Node.<init>(Node.java:266) ~[elasticsearch-6.8.5.jar:6.8.5]
	at org.elasticsearch.bootstrap.Bootstrap$5.<init>(Bootstrap.java:212) ~[elasticsearch-6.8.5.jar:6.8.5]
	at org.elasticsearch.bootstrap.Bootstrap.setup(Bootstrap.java:212) ~[elasticsearch-6.8.5.jar:6.8.5]
	at org.elasticsearch.bootstrap.Bootstrap.init(Bootstrap.java:333) ~[elasticsearch-6.8.5.jar:6.8.5]
	at org.elasticsearch.bootstrap.Elasticsearch.init(Elasticsearch.java:159) ~[elasticsearch-6.8.5.jar:6.8.5]
	... 6 more
Caused by: java.nio.file.NoSuchFileException: /www/wwwroot/elasticsearch-6.8.5/plugins/ik/plugin-descriptor.properties
	at sun.nio.fs.UnixException.translateToIOException(UnixException.java:86) ~[?:?]
	at sun.nio.fs.UnixException.rethrowAsIOException(UnixException.java:102) ~[?:?]
	at sun.nio.fs.UnixException.rethrowAsIOException(UnixException.java:107) ~[?:?]
	at sun.nio.fs.UnixFileSystemProvider.newByteChannel(UnixFileSystemProvider.java:214) ~[?:?]
	at java.nio.file.Files.newByteChannel(Files.java:361) ~[?:1.8.0_292]
	at java.nio.file.Files.newByteChannel(Files.java:407) ~[?:1.8.0_292]
	at java.nio.file.spi.FileSystemProvider.newInputStream(FileSystemProvider.java:384) ~[?:1.8.0_292]
	at java.nio.file.Files.newInputStream(Files.java:152) ~[?:1.8.0_292]
	at org.elasticsearch.plugins.PluginInfo.readFromProperties(PluginInfo.java:162) ~[elasticsearch-6.8.5.jar:6.8.5]
	at org.elasticsearch.plugins.PluginsService.readPluginBundle(PluginsService.java:398) ~[elasticsearch-6.8.5.jar:6.8.5]
	at org.elasticsearch.plugins.PluginsService.findBundles(PluginsService.java:386) ~[elasticsearch-6.8.5.jar:6.8.5]
	at org.elasticsearch.plugins.PluginsService.getPluginBundles(PluginsService.java:379) ~[elasticsearch-6.8.5.jar:6.8.5]
	at org.elasticsearch.plugins.PluginsService.<init>(PluginsService.java:151) ~[elasticsearch-6.8.5.jar:6.8.5]
	at org.elasticsearch.node.Node.<init>(Node.java:339) ~[elasticsearch-6.8.5.jar:6.8.5]
	at org.elasticsearch.node.Node.<init>(Node.java:266) ~[elasticsearch-6.8.5.jar:6.8.5]
	at org.elasticsearch.bootstrap.Bootstrap$5.<init>(Bootstrap.java:212) ~[elasticsearch-6.8.5.jar:6.8.5]
	at org.elasticsearch.bootstrap.Bootstrap.setup(Bootstrap.java:212) ~[elasticsearch-6.8.5.jar:6.8.5]
	at org.elasticsearch.bootstrap.Bootstrap.init(Bootstrap.java:333) ~[elasticsearch-6.8.5.jar:6.8.5]
	at org.elasticsearch.bootstrap.Elasticsearch.init(Elasticsearch.java:159) ~[elasticsearch-6.8.5.jar:6.8.5]
	... 6 more
[2021-05-06T15:26:45,061][INFO ][o.e.e.NodeEnvironment    ] [VfeL3XW] using [1] data paths, mounts [[/ (/dev/vda1)]], net usable_space [22.2gb], net total_space [39.9gb], types [xfs]
[2021-05-06T15:26:45,064][INFO ][o.e.e.NodeEnvironment    ] [VfeL3XW] heap size [990.7mb], compressed ordinary object pointers [true]
[2021-05-06T15:26:45,065][INFO ][o.e.n.Node               ] [VfeL3XW] node name derived from node ID [VfeL3XWSQ1yfnVb2EB4ieA]; set [node.name] to override
[2021-05-06T15:26:45,065][INFO ][o.e.n.Node               ] [VfeL3XW] version[6.8.5], pid[29318], build[oss/tar/78990e9/2019-11-13T20:04:24.100411Z], OS[Linux/4.18.0-147.5.1.el8_1.x86_64/amd64], JVM[Red Hat, Inc./OpenJDK 64-Bit Server VM/1.8.0_292/25.292-b10]
[2021-05-06T15:26:45,066][INFO ][o.e.n.Node               ] [VfeL3XW] JVM arguments [-Xms1g, -Xmx1g, -XX:+UseConcMarkSweepGC, -XX:CMSInitiatingOccupancyFraction=75, -XX:+UseCMSInitiatingOccupancyOnly, -Des.networkaddress.cache.ttl=60, -Des.networkaddress.cache.negative.ttl=10, -XX:+AlwaysPreTouch, -Xss1m, -Djava.awt.headless=true, -Dfile.encoding=UTF-8, -Djna.nosys=true, -XX:-OmitStackTraceInFastThrow, -Dio.netty.noUnsafe=true, -Dio.netty.noKeySetOptimization=true, -Dio.netty.recycler.maxCapacityPerThread=0, -Dlog4j.shutdownHookEnabled=false, -Dlog4j2.disable.jmx=true, -Djava.io.tmpdir=/tmp/elasticsearch-6064371167977533193, -XX:+HeapDumpOnOutOfMemoryError, -XX:HeapDumpPath=data, -XX:ErrorFile=logs/hs_err_pid%p.log, -XX:+PrintGCDetails, -XX:+PrintGCDateStamps, -XX:+PrintTenuringDistribution, -XX:+PrintGCApplicationStoppedTime, -Xloggc:logs/gc.log, -XX:+UseGCLogFileRotation, -XX:NumberOfGCLogFiles=32, -XX:GCLogFileSize=64m, -Des.path.home=/www/wwwroot/elasticsearch-6.8.5, -Des.path.conf=/www/wwwroot/elasticsearch-6.8.5/config, -Des.distribution.flavor=oss, -Des.distribution.type=tar]
[2021-05-06T15:26:45,080][ERROR][o.e.b.Bootstrap          ] [VfeL3XW] Exception
java.lang.IllegalStateException: Could not load plugin descriptor for plugin directory [ik]
	at org.elasticsearch.plugins.PluginsService.readPluginBundle(PluginsService.java:401) ~[elasticsearch-6.8.5.jar:6.8.5]
	at org.elasticsearch.plugins.PluginsService.findBundles(PluginsService.java:386) ~[elasticsearch-6.8.5.jar:6.8.5]
	at org.elasticsearch.plugins.PluginsService.getPluginBundles(PluginsService.java:379) ~[elasticsearch-6.8.5.jar:6.8.5]
	at org.elasticsearch.plugins.PluginsService.<init>(PluginsService.java:151) ~[elasticsearch-6.8.5.jar:6.8.5]
	at org.elasticsearch.node.Node.<init>(Node.java:339) ~[elasticsearch-6.8.5.jar:6.8.5]
	at org.elasticsearch.node.Node.<init>(Node.java:266) ~[elasticsearch-6.8.5.jar:6.8.5]
	at org.elasticsearch.bootstrap.Bootstrap$5.<init>(Bootstrap.java:212) ~[elasticsearch-6.8.5.jar:6.8.5]
	at org.elasticsearch.bootstrap.Bootstrap.setup(Bootstrap.java:212) ~[elasticsearch-6.8.5.jar:6.8.5]
	at org.elasticsearch.bootstrap.Bootstrap.init(Bootstrap.java:333) [elasticsearch-6.8.5.jar:6.8.5]
	at org.elasticsearch.bootstrap.Elasticsearch.init(Elasticsearch.java:159) [elasticsearch-6.8.5.jar:6.8.5]
	at org.elasticsearch.bootstrap.Elasticsearch.execute(Elasticsearch.java:150) [elasticsearch-6.8.5.jar:6.8.5]
	at org.elasticsearch.cli.EnvironmentAwareCommand.execute(EnvironmentAwareCommand.java:86) [elasticsearch-6.8.5.jar:6.8.5]
	at org.elasticsearch.cli.Command.mainWithoutErrorHandling(Command.java:124) [elasticsearch-cli-6.8.5.jar:6.8.5]
	at org.elasticsearch.cli.Command.main(Command.java:90) [elasticsearch-cli-6.8.5.jar:6.8.5]
	at org.elasticsearch.bootstrap.Elasticsearch.main(Elasticsearch.java:116) [elasticsearch-6.8.5.jar:6.8.5]
	at org.elasticsearch.bootstrap.Elasticsearch.main(Elasticsearch.java:93) [elasticsearch-6.8.5.jar:6.8.5]
Caused by: java.nio.file.NoSuchFileException: /www/wwwroot/elasticsearch-6.8.5/plugins/ik/plugin-descriptor.properties
	at sun.nio.fs.UnixException.translateToIOException(UnixException.java:86) ~[?:?]
	at sun.nio.fs.UnixException.rethrowAsIOException(UnixException.java:102) ~[?:?]
	at sun.nio.fs.UnixException.rethrowAsIOException(UnixException.java:107) ~[?:?]
	at sun.nio.fs.UnixFileSystemProvider.newByteChannel(UnixFileSystemProvider.java:214) ~[?:?]
	at java.nio.file.Files.newByteChannel(Files.java:361) ~[?:1.8.0_292]
	at java.nio.file.Files.newByteChannel(Files.java:407) ~[?:1.8.0_292]
	at java.nio.file.spi.FileSystemProvider.newInputStream(FileSystemProvider.java:384) ~[?:1.8.0_292]
	at java.nio.file.Files.newInputStream(Files.java:152) ~[?:1.8.0_292]
	at org.elasticsearch.plugins.PluginInfo.readFromProperties(PluginInfo.java:162) ~[elasticsearch-6.8.5.jar:6.8.5]
	at org.elasticsearch.plugins.PluginsService.readPluginBundle(PluginsService.java:398) ~[elasticsearch-6.8.5.jar:6.8.5]
	... 15 more
[2021-05-06T15:26:45,087][WARN ][o.e.b.ElasticsearchUncaughtExceptionHandler] [VfeL3XW] uncaught exception in thread [main]
org.elasticsearch.bootstrap.StartupException: java.lang.IllegalStateException: Could not load plugin descriptor for plugin directory [ik]
	at org.elasticsearch.bootstrap.Elasticsearch.init(Elasticsearch.java:163) ~[elasticsearch-6.8.5.jar:6.8.5]
	at org.elasticsearch.bootstrap.Elasticsearch.execute(Elasticsearch.java:150) ~[elasticsearch-6.8.5.jar:6.8.5]
	at org.elasticsearch.cli.EnvironmentAwareCommand.execute(EnvironmentAwareCommand.java:86) ~[elasticsearch-6.8.5.jar:6.8.5]
	at org.elasticsearch.cli.Command.mainWithoutErrorHandling(Command.java:124) ~[elasticsearch-cli-6.8.5.jar:6.8.5]
	at org.elasticsearch.cli.Command.main(Command.java:90) ~[elasticsearch-cli-6.8.5.jar:6.8.5]
	at org.elasticsearch.bootstrap.Elasticsearch.main(Elasticsearch.java:116) ~[elasticsearch-6.8.5.jar:6.8.5]
	at org.elasticsearch.bootstrap.Elasticsearch.main(Elasticsearch.java:93) ~[elasticsearch-6.8.5.jar:6.8.5]
Caused by: java.lang.IllegalStateException: Could not load plugin descriptor for plugin directory [ik]
	at org.elasticsearch.plugins.PluginsService.readPluginBundle(PluginsService.java:401) ~[elasticsearch-6.8.5.jar:6.8.5]
	at org.elasticsearch.plugins.PluginsService.findBundles(PluginsService.java:386) ~[elasticsearch-6.8.5.jar:6.8.5]
	at org.elasticsearch.plugins.PluginsService.getPluginBundles(PluginsService.java:379) ~[elasticsearch-6.8.5.jar:6.8.5]
	at org.elasticsearch.plugins.PluginsService.<init>(PluginsService.java:151) ~[elasticsearch-6.8.5.jar:6.8.5]
	at org.elasticsearch.node.Node.<init>(Node.java:339) ~[elasticsearch-6.8.5.jar:6.8.5]
	at org.elasticsearch.node.Node.<init>(Node.java:266) ~[elasticsearch-6.8.5.jar:6.8.5]
	at org.elasticsearch.bootstrap.Bootstrap$5.<init>(Bootstrap.java:212) ~[elasticsearch-6.8.5.jar:6.8.5]
	at org.elasticsearch.bootstrap.Bootstrap.setup(Bootstrap.java:212) ~[elasticsearch-6.8.5.jar:6.8.5]
	at org.elasticsearch.bootstrap.Bootstrap.init(Bootstrap.java:333) ~[elasticsearch-6.8.5.jar:6.8.5]
	at org.elasticsearch.bootstrap.Elasticsearch.init(Elasticsearch.java:159) ~[elasticsearch-6.8.5.jar:6.8.5]
	... 6 more
Caused by: java.nio.file.NoSuchFileException: /www/wwwroot/elasticsearch-6.8.5/plugins/ik/plugin-descriptor.properties
	at sun.nio.fs.UnixException.translateToIOException(UnixException.java:86) ~[?:?]
	at sun.nio.fs.UnixException.rethrowAsIOException(UnixException.java:102) ~[?:?]
	at sun.nio.fs.UnixException.rethrowAsIOException(UnixException.java:107) ~[?:?]
	at sun.nio.fs.UnixFileSystemProvider.newByteChannel(UnixFileSystemProvider.java:214) ~[?:?]
	at java.nio.file.Files.newByteChannel(Files.java:361) ~[?:1.8.0_292]
	at java.nio.file.Files.newByteChannel(Files.java:407) ~[?:1.8.0_292]
	at java.nio.file.spi.FileSystemProvider.newInputStream(FileSystemProvider.java:384) ~[?:1.8.0_292]
	at java.nio.file.Files.newInputStream(Files.java:152) ~[?:1.8.0_292]
	at org.elasticsearch.plugins.PluginInfo.readFromProperties(PluginInfo.java:162) ~[elasticsearch-6.8.5.jar:6.8.5]
	at org.elasticsearch.plugins.PluginsService.readPluginBundle(PluginsService.java:398) ~[elasticsearch-6.8.5.jar:6.8.5]
	at org.elasticsearch.plugins.PluginsService.findBundles(PluginsService.java:386) ~[elasticsearch-6.8.5.jar:6.8.5]
	at org.elasticsearch.plugins.PluginsService.getPluginBundles(PluginsService.java:379) ~[elasticsearch-6.8.5.jar:6.8.5]
	at org.elasticsearch.plugins.PluginsService.<init>(PluginsService.java:151) ~[elasticsearch-6.8.5.jar:6.8.5]
	at org.elasticsearch.node.Node.<init>(Node.java:339) ~[elasticsearch-6.8.5.jar:6.8.5]
	at org.elasticsearch.node.Node.<init>(Node.java:266) ~[elasticsearch-6.8.5.jar:6.8.5]
	at org.elasticsearch.bootstrap.Bootstrap$5.<init>(Bootstrap.java:212) ~[elasticsearch-6.8.5.jar:6.8.5]
	at org.elasticsearch.bootstrap.Bootstrap.setup(Bootstrap.java:212) ~[elasticsearch-6.8.5.jar:6.8.5]
	at org.elasticsearch.bootstrap.Bootstrap.init(Bootstrap.java:333) ~[elasticsearch-6.8.5.jar:6.8.5]
	at org.elasticsearch.bootstrap.Elasticsearch.init(Elasticsearch.java:159) ~[elasticsearch-6.8.5.jar:6.8.5]
	... 6 more
[2021-05-06T15:42:45,787][INFO ][o.e.e.NodeEnvironment    ] [VfeL3XW] using [1] data paths, mounts [[/ (/dev/vda1)]], net usable_space [22.2gb], net total_space [39.9gb], types [xfs]
[2021-05-06T15:42:45,790][INFO ][o.e.e.NodeEnvironment    ] [VfeL3XW] heap size [990.7mb], compressed ordinary object pointers [true]
[2021-05-06T15:42:45,791][INFO ][o.e.n.Node               ] [VfeL3XW] node name derived from node ID [VfeL3XWSQ1yfnVb2EB4ieA]; set [node.name] to override
[2021-05-06T15:42:45,791][INFO ][o.e.n.Node               ] [VfeL3XW] version[6.8.5], pid[30535], build[oss/tar/78990e9/2019-11-13T20:04:24.100411Z], OS[Linux/4.18.0-147.5.1.el8_1.x86_64/amd64], JVM[Red Hat, Inc./OpenJDK 64-Bit Server VM/1.8.0_292/25.292-b10]
[2021-05-06T15:42:45,791][INFO ][o.e.n.Node               ] [VfeL3XW] JVM arguments [-Xms1g, -Xmx1g, -XX:+UseConcMarkSweepGC, -XX:CMSInitiatingOccupancyFraction=75, -XX:+UseCMSInitiatingOccupancyOnly, -Des.networkaddress.cache.ttl=60, -Des.networkaddress.cache.negative.ttl=10, -XX:+AlwaysPreTouch, -Xss1m, -Djava.awt.headless=true, -Dfile.encoding=UTF-8, -Djna.nosys=true, -XX:-OmitStackTraceInFastThrow, -Dio.netty.noUnsafe=true, -Dio.netty.noKeySetOptimization=true, -Dio.netty.recycler.maxCapacityPerThread=0, -Dlog4j.shutdownHookEnabled=false, -Dlog4j2.disable.jmx=true, -Djava.io.tmpdir=/tmp/elasticsearch-67630160929191156, -XX:+HeapDumpOnOutOfMemoryError, -XX:HeapDumpPath=data, -XX:ErrorFile=logs/hs_err_pid%p.log, -XX:+PrintGCDetails, -XX:+PrintGCDateStamps, -XX:+PrintTenuringDistribution, -XX:+PrintGCApplicationStoppedTime, -Xloggc:logs/gc.log, -XX:+UseGCLogFileRotation, -XX:NumberOfGCLogFiles=32, -XX:GCLogFileSize=64m, -Des.path.home=/www/wwwroot/elasticsearch-6.8.5, -Des.path.conf=/www/wwwroot/elasticsearch-6.8.5/config, -Des.distribution.flavor=oss, -Des.distribution.type=tar]
[2021-05-06T15:42:45,808][ERROR][o.e.b.Bootstrap          ] [VfeL3XW] Exception
java.lang.IllegalStateException: Could not load plugin descriptor for plugin directory [ik]
	at org.elasticsearch.plugins.PluginsService.readPluginBundle(PluginsService.java:401) ~[elasticsearch-6.8.5.jar:6.8.5]
	at org.elasticsearch.plugins.PluginsService.findBundles(PluginsService.java:386) ~[elasticsearch-6.8.5.jar:6.8.5]
	at org.elasticsearch.plugins.PluginsService.getPluginBundles(PluginsService.java:379) ~[elasticsearch-6.8.5.jar:6.8.5]
	at org.elasticsearch.plugins.PluginsService.<init>(PluginsService.java:151) ~[elasticsearch-6.8.5.jar:6.8.5]
	at org.elasticsearch.node.Node.<init>(Node.java:339) ~[elasticsearch-6.8.5.jar:6.8.5]
	at org.elasticsearch.node.Node.<init>(Node.java:266) ~[elasticsearch-6.8.5.jar:6.8.5]
	at org.elasticsearch.bootstrap.Bootstrap$5.<init>(Bootstrap.java:212) ~[elasticsearch-6.8.5.jar:6.8.5]
	at org.elasticsearch.bootstrap.Bootstrap.setup(Bootstrap.java:212) ~[elasticsearch-6.8.5.jar:6.8.5]
	at org.elasticsearch.bootstrap.Bootstrap.init(Bootstrap.java:333) [elasticsearch-6.8.5.jar:6.8.5]
	at org.elasticsearch.bootstrap.Elasticsearch.init(Elasticsearch.java:159) [elasticsearch-6.8.5.jar:6.8.5]
	at org.elasticsearch.bootstrap.Elasticsearch.execute(Elasticsearch.java:150) [elasticsearch-6.8.5.jar:6.8.5]
	at org.elasticsearch.cli.EnvironmentAwareCommand.execute(EnvironmentAwareCommand.java:86) [elasticsearch-6.8.5.jar:6.8.5]
	at org.elasticsearch.cli.Command.mainWithoutErrorHandling(Command.java:124) [elasticsearch-cli-6.8.5.jar:6.8.5]
	at org.elasticsearch.cli.Command.main(Command.java:90) [elasticsearch-cli-6.8.5.jar:6.8.5]
	at org.elasticsearch.bootstrap.Elasticsearch.main(Elasticsearch.java:116) [elasticsearch-6.8.5.jar:6.8.5]
	at org.elasticsearch.bootstrap.Elasticsearch.main(Elasticsearch.java:93) [elasticsearch-6.8.5.jar:6.8.5]
Caused by: java.nio.file.NoSuchFileException: /www/wwwroot/elasticsearch-6.8.5/plugins/ik/plugin-descriptor.properties
	at sun.nio.fs.UnixException.translateToIOException(UnixException.java:86) ~[?:?]
	at sun.nio.fs.UnixException.rethrowAsIOException(UnixException.java:102) ~[?:?]
	at sun.nio.fs.UnixException.rethrowAsIOException(UnixException.java:107) ~[?:?]
	at sun.nio.fs.UnixFileSystemProvider.newByteChannel(UnixFileSystemProvider.java:214) ~[?:?]
	at java.nio.file.Files.newByteChannel(Files.java:361) ~[?:1.8.0_292]
	at java.nio.file.Files.newByteChannel(Files.java:407) ~[?:1.8.0_292]
	at java.nio.file.spi.FileSystemProvider.newInputStream(FileSystemProvider.java:384) ~[?:1.8.0_292]
	at java.nio.file.Files.newInputStream(Files.java:152) ~[?:1.8.0_292]
	at org.elasticsearch.plugins.PluginInfo.readFromProperties(PluginInfo.java:162) ~[elasticsearch-6.8.5.jar:6.8.5]
	at org.elasticsearch.plugins.PluginsService.readPluginBundle(PluginsService.java:398) ~[elasticsearch-6.8.5.jar:6.8.5]
	... 15 more
[2021-05-06T15:42:45,814][WARN ][o.e.b.ElasticsearchUncaughtExceptionHandler] [VfeL3XW] uncaught exception in thread [main]
org.elasticsearch.bootstrap.StartupException: java.lang.IllegalStateException: Could not load plugin descriptor for plugin directory [ik]
	at org.elasticsearch.bootstrap.Elasticsearch.init(Elasticsearch.java:163) ~[elasticsearch-6.8.5.jar:6.8.5]
	at org.elasticsearch.bootstrap.Elasticsearch.execute(Elasticsearch.java:150) ~[elasticsearch-6.8.5.jar:6.8.5]
	at org.elasticsearch.cli.EnvironmentAwareCommand.execute(EnvironmentAwareCommand.java:86) ~[elasticsearch-6.8.5.jar:6.8.5]
	at org.elasticsearch.cli.Command.mainWithoutErrorHandling(Command.java:124) ~[elasticsearch-cli-6.8.5.jar:6.8.5]
	at org.elasticsearch.cli.Command.main(Command.java:90) ~[elasticsearch-cli-6.8.5.jar:6.8.5]
	at org.elasticsearch.bootstrap.Elasticsearch.main(Elasticsearch.java:116) ~[elasticsearch-6.8.5.jar:6.8.5]
	at org.elasticsearch.bootstrap.Elasticsearch.main(Elasticsearch.java:93) ~[elasticsearch-6.8.5.jar:6.8.5]
Caused by: java.lang.IllegalStateException: Could not load plugin descriptor for plugin directory [ik]
	at org.elasticsearch.plugins.PluginsService.readPluginBundle(PluginsService.java:401) ~[elasticsearch-6.8.5.jar:6.8.5]
	at org.elasticsearch.plugins.PluginsService.findBundles(PluginsService.java:386) ~[elasticsearch-6.8.5.jar:6.8.5]
	at org.elasticsearch.plugins.PluginsService.getPluginBundles(PluginsService.java:379) ~[elasticsearch-6.8.5.jar:6.8.5]
	at org.elasticsearch.plugins.PluginsService.<init>(PluginsService.java:151) ~[elasticsearch-6.8.5.jar:6.8.5]
	at org.elasticsearch.node.Node.<init>(Node.java:339) ~[elasticsearch-6.8.5.jar:6.8.5]
	at org.elasticsearch.node.Node.<init>(Node.java:266) ~[elasticsearch-6.8.5.jar:6.8.5]
	at org.elasticsearch.bootstrap.Bootstrap$5.<init>(Bootstrap.java:212) ~[elasticsearch-6.8.5.jar:6.8.5]
	at org.elasticsearch.bootstrap.Bootstrap.setup(Bootstrap.java:212) ~[elasticsearch-6.8.5.jar:6.8.5]
	at org.elasticsearch.bootstrap.Bootstrap.init(Bootstrap.java:333) ~[elasticsearch-6.8.5.jar:6.8.5]
	at org.elasticsearch.bootstrap.Elasticsearch.init(Elasticsearch.java:159) ~[elasticsearch-6.8.5.jar:6.8.5]
	... 6 more
Caused by: java.nio.file.NoSuchFileException: /www/wwwroot/elasticsearch-6.8.5/plugins/ik/plugin-descriptor.properties
	at sun.nio.fs.UnixException.translateToIOException(UnixException.java:86) ~[?:?]
	at sun.nio.fs.UnixException.rethrowAsIOException(UnixException.java:102) ~[?:?]
	at sun.nio.fs.UnixException.rethrowAsIOException(UnixException.java:107) ~[?:?]
	at sun.nio.fs.UnixFileSystemProvider.newByteChannel(UnixFileSystemProvider.java:214) ~[?:?]
	at java.nio.file.Files.newByteChannel(Files.java:361) ~[?:1.8.0_292]
	at java.nio.file.Files.newByteChannel(Files.java:407) ~[?:1.8.0_292]
	at java.nio.file.spi.FileSystemProvider.newInputStream(FileSystemProvider.java:384) ~[?:1.8.0_292]
	at java.nio.file.Files.newInputStream(Files.java:152) ~[?:1.8.0_292]
	at org.elasticsearch.plugins.PluginInfo.readFromProperties(PluginInfo.java:162) ~[elasticsearch-6.8.5.jar:6.8.5]
	at org.elasticsearch.plugins.PluginsService.readPluginBundle(PluginsService.java:398) ~[elasticsearch-6.8.5.jar:6.8.5]
	at org.elasticsearch.plugins.PluginsService.findBundles(PluginsService.java:386) ~[elasticsearch-6.8.5.jar:6.8.5]
	at org.elasticsearch.plugins.PluginsService.getPluginBundles(PluginsService.java:379) ~[elasticsearch-6.8.5.jar:6.8.5]
	at org.elasticsearch.plugins.PluginsService.<init>(PluginsService.java:151) ~[elasticsearch-6.8.5.jar:6.8.5]
	at org.elasticsearch.node.Node.<init>(Node.java:339) ~[elasticsearch-6.8.5.jar:6.8.5]
	at org.elasticsearch.node.Node.<init>(Node.java:266) ~[elasticsearch-6.8.5.jar:6.8.5]
	at org.elasticsearch.bootstrap.Bootstrap$5.<init>(Bootstrap.java:212) ~[elasticsearch-6.8.5.jar:6.8.5]
	at org.elasticsearch.bootstrap.Bootstrap.setup(Bootstrap.java:212) ~[elasticsearch-6.8.5.jar:6.8.5]
	at org.elasticsearch.bootstrap.Bootstrap.init(Bootstrap.java:333) ~[elasticsearch-6.8.5.jar:6.8.5]
	at org.elasticsearch.bootstrap.Elasticsearch.init(Elasticsearch.java:159) ~[elasticsearch-6.8.5.jar:6.8.5]
	... 6 more
[2021-05-06T17:32:09,597][ERROR][o.e.b.Bootstrap          ] [unknown] Exception
java.lang.RuntimeException: can not run elasticsearch as root
	at org.elasticsearch.bootstrap.Bootstrap.initializeNatives(Bootstrap.java:103) ~[elasticsearch-6.8.5.jar:6.8.5]
	at org.elasticsearch.bootstrap.Bootstrap.setup(Bootstrap.java:170) ~[elasticsearch-6.8.5.jar:6.8.5]
	at org.elasticsearch.bootstrap.Bootstrap.init(Bootstrap.java:333) [elasticsearch-6.8.5.jar:6.8.5]
	at org.elasticsearch.bootstrap.Elasticsearch.init(Elasticsearch.java:159) [elasticsearch-6.8.5.jar:6.8.5]
	at org.elasticsearch.bootstrap.Elasticsearch.execute(Elasticsearch.java:150) [elasticsearch-6.8.5.jar:6.8.5]
	at org.elasticsearch.cli.EnvironmentAwareCommand.execute(EnvironmentAwareCommand.java:86) [elasticsearch-6.8.5.jar:6.8.5]
	at org.elasticsearch.cli.Command.mainWithoutErrorHandling(Command.java:124) [elasticsearch-cli-6.8.5.jar:6.8.5]
	at org.elasticsearch.cli.Command.main(Command.java:90) [elasticsearch-cli-6.8.5.jar:6.8.5]
	at org.elasticsearch.bootstrap.Elasticsearch.main(Elasticsearch.java:116) [elasticsearch-6.8.5.jar:6.8.5]
	at org.elasticsearch.bootstrap.Elasticsearch.main(Elasticsearch.java:93) [elasticsearch-6.8.5.jar:6.8.5]
[2021-05-06T17:32:09,604][WARN ][o.e.b.ElasticsearchUncaughtExceptionHandler] [unknown] uncaught exception in thread [main]
org.elasticsearch.bootstrap.StartupException: java.lang.RuntimeException: can not run elasticsearch as root
	at org.elasticsearch.bootstrap.Elasticsearch.init(Elasticsearch.java:163) ~[elasticsearch-6.8.5.jar:6.8.5]
	at org.elasticsearch.bootstrap.Elasticsearch.execute(Elasticsearch.java:150) ~[elasticsearch-6.8.5.jar:6.8.5]
	at org.elasticsearch.cli.EnvironmentAwareCommand.execute(EnvironmentAwareCommand.java:86) ~[elasticsearch-6.8.5.jar:6.8.5]
	at org.elasticsearch.cli.Command.mainWithoutErrorHandling(Command.java:124) ~[elasticsearch-cli-6.8.5.jar:6.8.5]
	at org.elasticsearch.cli.Command.main(Command.java:90) ~[elasticsearch-cli-6.8.5.jar:6.8.5]
	at org.elasticsearch.bootstrap.Elasticsearch.main(Elasticsearch.java:116) ~[elasticsearch-6.8.5.jar:6.8.5]
	at org.elasticsearch.bootstrap.Elasticsearch.main(Elasticsearch.java:93) ~[elasticsearch-6.8.5.jar:6.8.5]
Caused by: java.lang.RuntimeException: can not run elasticsearch as root
	at org.elasticsearch.bootstrap.Bootstrap.initializeNatives(Bootstrap.java:103) ~[elasticsearch-6.8.5.jar:6.8.5]
	at org.elasticsearch.bootstrap.Bootstrap.setup(Bootstrap.java:170) ~[elasticsearch-6.8.5.jar:6.8.5]
	at org.elasticsearch.bootstrap.Bootstrap.init(Bootstrap.java:333) ~[elasticsearch-6.8.5.jar:6.8.5]
	at org.elasticsearch.bootstrap.Elasticsearch.init(Elasticsearch.java:159) ~[elasticsearch-6.8.5.jar:6.8.5]
	... 6 more
[2021-05-06T17:37:37,690][ERROR][o.e.b.Bootstrap          ] [unknown] Exception
java.lang.RuntimeException: can not run elasticsearch as root
	at org.elasticsearch.bootstrap.Bootstrap.initializeNatives(Bootstrap.java:103) ~[elasticsearch-6.8.5.jar:6.8.5]
	at org.elasticsearch.bootstrap.Bootstrap.setup(Bootstrap.java:170) ~[elasticsearch-6.8.5.jar:6.8.5]
	at org.elasticsearch.bootstrap.Bootstrap.init(Bootstrap.java:333) [elasticsearch-6.8.5.jar:6.8.5]
	at org.elasticsearch.bootstrap.Elasticsearch.init(Elasticsearch.java:159) [elasticsearch-6.8.5.jar:6.8.5]
	at org.elasticsearch.bootstrap.Elasticsearch.execute(Elasticsearch.java:150) [elasticsearch-6.8.5.jar:6.8.5]
	at org.elasticsearch.cli.EnvironmentAwareCommand.execute(EnvironmentAwareCommand.java:86) [elasticsearch-6.8.5.jar:6.8.5]
	at org.elasticsearch.cli.Command.mainWithoutErrorHandling(Command.java:124) [elasticsearch-cli-6.8.5.jar:6.8.5]
	at org.elasticsearch.cli.Command.main(Command.java:90) [elasticsearch-cli-6.8.5.jar:6.8.5]
	at org.elasticsearch.bootstrap.Elasticsearch.main(Elasticsearch.java:116) [elasticsearch-6.8.5.jar:6.8.5]
	at org.elasticsearch.bootstrap.Elasticsearch.main(Elasticsearch.java:93) [elasticsearch-6.8.5.jar:6.8.5]
[2021-05-06T17:37:37,696][WARN ][o.e.b.ElasticsearchUncaughtExceptionHandler] [unknown] uncaught exception in thread [main]
org.elasticsearch.bootstrap.StartupException: java.lang.RuntimeException: can not run elasticsearch as root
	at org.elasticsearch.bootstrap.Elasticsearch.init(Elasticsearch.java:163) ~[elasticsearch-6.8.5.jar:6.8.5]
	at org.elasticsearch.bootstrap.Elasticsearch.execute(Elasticsearch.java:150) ~[elasticsearch-6.8.5.jar:6.8.5]
	at org.elasticsearch.cli.EnvironmentAwareCommand.execute(EnvironmentAwareCommand.java:86) ~[elasticsearch-6.8.5.jar:6.8.5]
	at org.elasticsearch.cli.Command.mainWithoutErrorHandling(Command.java:124) ~[elasticsearch-cli-6.8.5.jar:6.8.5]
	at org.elasticsearch.cli.Command.main(Command.java:90) ~[elasticsearch-cli-6.8.5.jar:6.8.5]
	at org.elasticsearch.bootstrap.Elasticsearch.main(Elasticsearch.java:116) ~[elasticsearch-6.8.5.jar:6.8.5]
	at org.elasticsearch.bootstrap.Elasticsearch.main(Elasticsearch.java:93) ~[elasticsearch-6.8.5.jar:6.8.5]
Caused by: java.lang.RuntimeException: can not run elasticsearch as root
	at org.elasticsearch.bootstrap.Bootstrap.initializeNatives(Bootstrap.java:103) ~[elasticsearch-6.8.5.jar:6.8.5]
	at org.elasticsearch.bootstrap.Bootstrap.setup(Bootstrap.java:170) ~[elasticsearch-6.8.5.jar:6.8.5]
	at org.elasticsearch.bootstrap.Bootstrap.init(Bootstrap.java:333) ~[elasticsearch-6.8.5.jar:6.8.5]
	at org.elasticsearch.bootstrap.Elasticsearch.init(Elasticsearch.java:159) ~[elasticsearch-6.8.5.jar:6.8.5]
	... 6 more
[2021-05-06T17:52:46,718][INFO ][o.e.e.NodeEnvironment    ] [VfeL3XW] using [1] data paths, mounts [[/ (/dev/vda1)]], net usable_space [22.2gb], net total_space [39.9gb], types [xfs]
[2021-05-06T17:52:46,720][INFO ][o.e.e.NodeEnvironment    ] [VfeL3XW] heap size [990.7mb], compressed ordinary object pointers [true]
[2021-05-06T17:52:46,721][INFO ][o.e.n.Node               ] [VfeL3XW] node name derived from node ID [VfeL3XWSQ1yfnVb2EB4ieA]; set [node.name] to override
[2021-05-06T17:52:46,721][INFO ][o.e.n.Node               ] [VfeL3XW] version[6.8.5], pid[7119], build[oss/tar/78990e9/2019-11-13T20:04:24.100411Z], OS[Linux/4.18.0-147.5.1.el8_1.x86_64/amd64], JVM[Red Hat, Inc./OpenJDK 64-Bit Server VM/1.8.0_292/25.292-b10]
[2021-05-06T17:52:46,721][INFO ][o.e.n.Node               ] [VfeL3XW] JVM arguments [-Xms1g, -Xmx1g, -XX:+UseConcMarkSweepGC, -XX:CMSInitiatingOccupancyFraction=75, -XX:+UseCMSInitiatingOccupancyOnly, -Des.networkaddress.cache.ttl=60, -Des.networkaddress.cache.negative.ttl=10, -XX:+AlwaysPreTouch, -Xss1m, -Djava.awt.headless=true, -Dfile.encoding=UTF-8, -Djna.nosys=true, -XX:-OmitStackTraceInFastThrow, -Dio.netty.noUnsafe=true, -Dio.netty.noKeySetOptimization=true, -Dio.netty.recycler.maxCapacityPerThread=0, -Dlog4j.shutdownHookEnabled=false, -Dlog4j2.disable.jmx=true, -Djava.io.tmpdir=/tmp/elasticsearch-1895593931866494369, -XX:+HeapDumpOnOutOfMemoryError, -XX:HeapDumpPath=data, -XX:ErrorFile=logs/hs_err_pid%p.log, -XX:+PrintGCDetails, -XX:+PrintGCDateStamps, -XX:+PrintTenuringDistribution, -XX:+PrintGCApplicationStoppedTime, -Xloggc:logs/gc.log, -XX:+UseGCLogFileRotation, -XX:NumberOfGCLogFiles=32, -XX:GCLogFileSize=64m, -Des.path.home=/www/wwwroot/elasticsearch-6.8.5, -Des.path.conf=/www/wwwroot/elasticsearch-6.8.5/config, -Des.distribution.flavor=oss, -Des.distribution.type=tar]
[2021-05-06T17:52:46,736][ERROR][o.e.b.Bootstrap          ] [VfeL3XW] Exception
java.lang.IllegalStateException: Could not load plugin descriptor for plugin directory [ik]
	at org.elasticsearch.plugins.PluginsService.readPluginBundle(PluginsService.java:401) ~[elasticsearch-6.8.5.jar:6.8.5]
	at org.elasticsearch.plugins.PluginsService.findBundles(PluginsService.java:386) ~[elasticsearch-6.8.5.jar:6.8.5]
	at org.elasticsearch.plugins.PluginsService.getPluginBundles(PluginsService.java:379) ~[elasticsearch-6.8.5.jar:6.8.5]
	at org.elasticsearch.plugins.PluginsService.<init>(PluginsService.java:151) ~[elasticsearch-6.8.5.jar:6.8.5]
	at org.elasticsearch.node.Node.<init>(Node.java:339) ~[elasticsearch-6.8.5.jar:6.8.5]
	at org.elasticsearch.node.Node.<init>(Node.java:266) ~[elasticsearch-6.8.5.jar:6.8.5]
	at org.elasticsearch.bootstrap.Bootstrap$5.<init>(Bootstrap.java:212) ~[elasticsearch-6.8.5.jar:6.8.5]
	at org.elasticsearch.bootstrap.Bootstrap.setup(Bootstrap.java:212) ~[elasticsearch-6.8.5.jar:6.8.5]
	at org.elasticsearch.bootstrap.Bootstrap.init(Bootstrap.java:333) [elasticsearch-6.8.5.jar:6.8.5]
	at org.elasticsearch.bootstrap.Elasticsearch.init(Elasticsearch.java:159) [elasticsearch-6.8.5.jar:6.8.5]
	at org.elasticsearch.bootstrap.Elasticsearch.execute(Elasticsearch.java:150) [elasticsearch-6.8.5.jar:6.8.5]
	at org.elasticsearch.cli.EnvironmentAwareCommand.execute(EnvironmentAwareCommand.java:86) [elasticsearch-6.8.5.jar:6.8.5]
	at org.elasticsearch.cli.Command.mainWithoutErrorHandling(Command.java:124) [elasticsearch-cli-6.8.5.jar:6.8.5]
	at org.elasticsearch.cli.Command.main(Command.java:90) [elasticsearch-cli-6.8.5.jar:6.8.5]
	at org.elasticsearch.bootstrap.Elasticsearch.main(Elasticsearch.java:116) [elasticsearch-6.8.5.jar:6.8.5]
	at org.elasticsearch.bootstrap.Elasticsearch.main(Elasticsearch.java:93) [elasticsearch-6.8.5.jar:6.8.5]
Caused by: java.nio.file.NoSuchFileException: /www/wwwroot/elasticsearch-6.8.5/plugins/ik/plugin-descriptor.properties
	at sun.nio.fs.UnixException.translateToIOException(UnixException.java:86) ~[?:?]
	at sun.nio.fs.UnixException.rethrowAsIOException(UnixException.java:102) ~[?:?]
	at sun.nio.fs.UnixException.rethrowAsIOException(UnixException.java:107) ~[?:?]
	at sun.nio.fs.UnixFileSystemProvider.newByteChannel(UnixFileSystemProvider.java:214) ~[?:?]
	at java.nio.file.Files.newByteChannel(Files.java:361) ~[?:1.8.0_292]
	at java.nio.file.Files.newByteChannel(Files.java:407) ~[?:1.8.0_292]
	at java.nio.file.spi.FileSystemProvider.newInputStream(FileSystemProvider.java:384) ~[?:1.8.0_292]
	at java.nio.file.Files.newInputStream(Files.java:152) ~[?:1.8.0_292]
	at org.elasticsearch.plugins.PluginInfo.readFromProperties(PluginInfo.java:162) ~[elasticsearch-6.8.5.jar:6.8.5]
	at org.elasticsearch.plugins.PluginsService.readPluginBundle(PluginsService.java:398) ~[elasticsearch-6.8.5.jar:6.8.5]
	... 15 more
[2021-05-06T17:52:46,742][WARN ][o.e.b.ElasticsearchUncaughtExceptionHandler] [VfeL3XW] uncaught exception in thread [main]
org.elasticsearch.bootstrap.StartupException: java.lang.IllegalStateException: Could not load plugin descriptor for plugin directory [ik]
	at org.elasticsearch.bootstrap.Elasticsearch.init(Elasticsearch.java:163) ~[elasticsearch-6.8.5.jar:6.8.5]
	at org.elasticsearch.bootstrap.Elasticsearch.execute(Elasticsearch.java:150) ~[elasticsearch-6.8.5.jar:6.8.5]
	at org.elasticsearch.cli.EnvironmentAwareCommand.execute(EnvironmentAwareCommand.java:86) ~[elasticsearch-6.8.5.jar:6.8.5]
	at org.elasticsearch.cli.Command.mainWithoutErrorHandling(Command.java:124) ~[elasticsearch-cli-6.8.5.jar:6.8.5]
	at org.elasticsearch.cli.Command.main(Command.java:90) ~[elasticsearch-cli-6.8.5.jar:6.8.5]
	at org.elasticsearch.bootstrap.Elasticsearch.main(Elasticsearch.java:116) ~[elasticsearch-6.8.5.jar:6.8.5]
	at org.elasticsearch.bootstrap.Elasticsearch.main(Elasticsearch.java:93) ~[elasticsearch-6.8.5.jar:6.8.5]
Caused by: java.lang.IllegalStateException: Could not load plugin descriptor for plugin directory [ik]
	at org.elasticsearch.plugins.PluginsService.readPluginBundle(PluginsService.java:401) ~[elasticsearch-6.8.5.jar:6.8.5]
	at org.elasticsearch.plugins.PluginsService.findBundles(PluginsService.java:386) ~[elasticsearch-6.8.5.jar:6.8.5]
	at org.elasticsearch.plugins.PluginsService.getPluginBundles(PluginsService.java:379) ~[elasticsearch-6.8.5.jar:6.8.5]
	at org.elasticsearch.plugins.PluginsService.<init>(PluginsService.java:151) ~[elasticsearch-6.8.5.jar:6.8.5]
	at org.elasticsearch.node.Node.<init>(Node.java:339) ~[elasticsearch-6.8.5.jar:6.8.5]
	at org.elasticsearch.node.Node.<init>(Node.java:266) ~[elasticsearch-6.8.5.jar:6.8.5]
	at org.elasticsearch.bootstrap.Bootstrap$5.<init>(Bootstrap.java:212) ~[elasticsearch-6.8.5.jar:6.8.5]
	at org.elasticsearch.bootstrap.Bootstrap.setup(Bootstrap.java:212) ~[elasticsearch-6.8.5.jar:6.8.5]
	at org.elasticsearch.bootstrap.Bootstrap.init(Bootstrap.java:333) ~[elasticsearch-6.8.5.jar:6.8.5]
	at org.elasticsearch.bootstrap.Elasticsearch.init(Elasticsearch.java:159) ~[elasticsearch-6.8.5.jar:6.8.5]
	... 6 more
Caused by: java.nio.file.NoSuchFileException: /www/wwwroot/elasticsearch-6.8.5/plugins/ik/plugin-descriptor.properties
	at sun.nio.fs.UnixException.translateToIOException(UnixException.java:86) ~[?:?]
	at sun.nio.fs.UnixException.rethrowAsIOException(UnixException.java:102) ~[?:?]
	at sun.nio.fs.UnixException.rethrowAsIOException(UnixException.java:107) ~[?:?]
	at sun.nio.fs.UnixFileSystemProvider.newByteChannel(UnixFileSystemProvider.java:214) ~[?:?]
	at java.nio.file.Files.newByteChannel(Files.java:361) ~[?:1.8.0_292]
	at java.nio.file.Files.newByteChannel(Files.java:407) ~[?:1.8.0_292]
	at java.nio.file.spi.FileSystemProvider.newInputStream(FileSystemProvider.java:384) ~[?:1.8.0_292]
	at java.nio.file.Files.newInputStream(Files.java:152) ~[?:1.8.0_292]
	at org.elasticsearch.plugins.PluginInfo.readFromProperties(PluginInfo.java:162) ~[elasticsearch-6.8.5.jar:6.8.5]
	at org.elasticsearch.plugins.PluginsService.readPluginBundle(PluginsService.java:398) ~[elasticsearch-6.8.5.jar:6.8.5]
	at org.elasticsearch.plugins.PluginsService.findBundles(PluginsService.java:386) ~[elasticsearch-6.8.5.jar:6.8.5]
	at org.elasticsearch.plugins.PluginsService.getPluginBundles(PluginsService.java:379) ~[elasticsearch-6.8.5.jar:6.8.5]
	at org.elasticsearch.plugins.PluginsService.<init>(PluginsService.java:151) ~[elasticsearch-6.8.5.jar:6.8.5]
	at org.elasticsearch.node.Node.<init>(Node.java:339) ~[elasticsearch-6.8.5.jar:6.8.5]
	at org.elasticsearch.node.Node.<init>(Node.java:266) ~[elasticsearch-6.8.5.jar:6.8.5]
	at org.elasticsearch.bootstrap.Bootstrap$5.<init>(Bootstrap.java:212) ~[elasticsearch-6.8.5.jar:6.8.5]
	at org.elasticsearch.bootstrap.Bootstrap.setup(Bootstrap.java:212) ~[elasticsearch-6.8.5.jar:6.8.5]
	at org.elasticsearch.bootstrap.Bootstrap.init(Bootstrap.java:333) ~[elasticsearch-6.8.5.jar:6.8.5]
	at org.elasticsearch.bootstrap.Elasticsearch.init(Elasticsearch.java:159) ~[elasticsearch-6.8.5.jar:6.8.5]
	... 6 more
[2021-05-06T17:55:41,199][INFO ][o.e.e.NodeEnvironment    ] [VfeL3XW] using [1] data paths, mounts [[/ (/dev/vda1)]], net usable_space [22.2gb], net total_space [39.9gb], types [xfs]
[2021-05-06T17:55:41,200][INFO ][o.e.e.NodeEnvironment    ] [VfeL3XW] heap size [990.7mb], compressed ordinary object pointers [true]
[2021-05-06T17:55:41,202][INFO ][o.e.n.Node               ] [VfeL3XW] node name derived from node ID [VfeL3XWSQ1yfnVb2EB4ieA]; set [node.name] to override
[2021-05-06T17:55:41,202][INFO ][o.e.n.Node               ] [VfeL3XW] version[6.8.5], pid[7429], build[oss/tar/78990e9/2019-11-13T20:04:24.100411Z], OS[Linux/4.18.0-147.5.1.el8_1.x86_64/amd64], JVM[Red Hat, Inc./OpenJDK 64-Bit Server VM/1.8.0_292/25.292-b10]
[2021-05-06T17:55:41,202][INFO ][o.e.n.Node               ] [VfeL3XW] JVM arguments [-Xms1g, -Xmx1g, -XX:+UseConcMarkSweepGC, -XX:CMSInitiatingOccupancyFraction=75, -XX:+UseCMSInitiatingOccupancyOnly, -Des.networkaddress.cache.ttl=60, -Des.networkaddress.cache.negative.ttl=10, -XX:+AlwaysPreTouch, -Xss1m, -Djava.awt.headless=true, -Dfile.encoding=UTF-8, -Djna.nosys=true, -XX:-OmitStackTraceInFastThrow, -Dio.netty.noUnsafe=true, -Dio.netty.noKeySetOptimization=true, -Dio.netty.recycler.maxCapacityPerThread=0, -Dlog4j.shutdownHookEnabled=false, -Dlog4j2.disable.jmx=true, -Djava.io.tmpdir=/tmp/elasticsearch-2231207289818807442, -XX:+HeapDumpOnOutOfMemoryError, -XX:HeapDumpPath=data, -XX:ErrorFile=logs/hs_err_pid%p.log, -XX:+PrintGCDetails, -XX:+PrintGCDateStamps, -XX:+PrintTenuringDistribution, -XX:+PrintGCApplicationStoppedTime, -Xloggc:logs/gc.log, -XX:+UseGCLogFileRotation, -XX:NumberOfGCLogFiles=32, -XX:GCLogFileSize=64m, -Des.path.home=/www/wwwroot/elasticsearch-6.8.5, -Des.path.conf=/www/wwwroot/elasticsearch-6.8.5/config, -Des.distribution.flavor=oss, -Des.distribution.type=tar]
[2021-05-06T17:55:41,216][ERROR][o.e.b.Bootstrap          ] [VfeL3XW] Exception
java.lang.IllegalStateException: Could not load plugin descriptor for plugin directory [ik]
	at org.elasticsearch.plugins.PluginsService.readPluginBundle(PluginsService.java:401) ~[elasticsearch-6.8.5.jar:6.8.5]
	at org.elasticsearch.plugins.PluginsService.findBundles(PluginsService.java:386) ~[elasticsearch-6.8.5.jar:6.8.5]
	at org.elasticsearch.plugins.PluginsService.getPluginBundles(PluginsService.java:379) ~[elasticsearch-6.8.5.jar:6.8.5]
	at org.elasticsearch.plugins.PluginsService.<init>(PluginsService.java:151) ~[elasticsearch-6.8.5.jar:6.8.5]
	at org.elasticsearch.node.Node.<init>(Node.java:339) ~[elasticsearch-6.8.5.jar:6.8.5]
	at org.elasticsearch.node.Node.<init>(Node.java:266) ~[elasticsearch-6.8.5.jar:6.8.5]
	at org.elasticsearch.bootstrap.Bootstrap$5.<init>(Bootstrap.java:212) ~[elasticsearch-6.8.5.jar:6.8.5]
	at org.elasticsearch.bootstrap.Bootstrap.setup(Bootstrap.java:212) ~[elasticsearch-6.8.5.jar:6.8.5]
	at org.elasticsearch.bootstrap.Bootstrap.init(Bootstrap.java:333) [elasticsearch-6.8.5.jar:6.8.5]
	at org.elasticsearch.bootstrap.Elasticsearch.init(Elasticsearch.java:159) [elasticsearch-6.8.5.jar:6.8.5]
	at org.elasticsearch.bootstrap.Elasticsearch.execute(Elasticsearch.java:150) [elasticsearch-6.8.5.jar:6.8.5]
	at org.elasticsearch.cli.EnvironmentAwareCommand.execute(EnvironmentAwareCommand.java:86) [elasticsearch-6.8.5.jar:6.8.5]
	at org.elasticsearch.cli.Command.mainWithoutErrorHandling(Command.java:124) [elasticsearch-cli-6.8.5.jar:6.8.5]
	at org.elasticsearch.cli.Command.main(Command.java:90) [elasticsearch-cli-6.8.5.jar:6.8.5]
	at org.elasticsearch.bootstrap.Elasticsearch.main(Elasticsearch.java:116) [elasticsearch-6.8.5.jar:6.8.5]
	at org.elasticsearch.bootstrap.Elasticsearch.main(Elasticsearch.java:93) [elasticsearch-6.8.5.jar:6.8.5]
Caused by: java.nio.file.NoSuchFileException: /www/wwwroot/elasticsearch-6.8.5/plugins/ik/plugin-descriptor.properties
	at sun.nio.fs.UnixException.translateToIOException(UnixException.java:86) ~[?:?]
	at sun.nio.fs.UnixException.rethrowAsIOException(UnixException.java:102) ~[?:?]
	at sun.nio.fs.UnixException.rethrowAsIOException(UnixException.java:107) ~[?:?]
	at sun.nio.fs.UnixFileSystemProvider.newByteChannel(UnixFileSystemProvider.java:214) ~[?:?]
	at java.nio.file.Files.newByteChannel(Files.java:361) ~[?:1.8.0_292]
	at java.nio.file.Files.newByteChannel(Files.java:407) ~[?:1.8.0_292]
	at java.nio.file.spi.FileSystemProvider.newInputStream(FileSystemProvider.java:384) ~[?:1.8.0_292]
	at java.nio.file.Files.newInputStream(Files.java:152) ~[?:1.8.0_292]
	at org.elasticsearch.plugins.PluginInfo.readFromProperties(PluginInfo.java:162) ~[elasticsearch-6.8.5.jar:6.8.5]
	at org.elasticsearch.plugins.PluginsService.readPluginBundle(PluginsService.java:398) ~[elasticsearch-6.8.5.jar:6.8.5]
	... 15 more
[2021-05-06T17:55:41,223][WARN ][o.e.b.ElasticsearchUncaughtExceptionHandler] [VfeL3XW] uncaught exception in thread [main]
org.elasticsearch.bootstrap.StartupException: java.lang.IllegalStateException: Could not load plugin descriptor for plugin directory [ik]
	at org.elasticsearch.bootstrap.Elasticsearch.init(Elasticsearch.java:163) ~[elasticsearch-6.8.5.jar:6.8.5]
	at org.elasticsearch.bootstrap.Elasticsearch.execute(Elasticsearch.java:150) ~[elasticsearch-6.8.5.jar:6.8.5]
	at org.elasticsearch.cli.EnvironmentAwareCommand.execute(EnvironmentAwareCommand.java:86) ~[elasticsearch-6.8.5.jar:6.8.5]
	at org.elasticsearch.cli.Command.mainWithoutErrorHandling(Command.java:124) ~[elasticsearch-cli-6.8.5.jar:6.8.5]
	at org.elasticsearch.cli.Command.main(Command.java:90) ~[elasticsearch-cli-6.8.5.jar:6.8.5]
	at org.elasticsearch.bootstrap.Elasticsearch.main(Elasticsearch.java:116) ~[elasticsearch-6.8.5.jar:6.8.5]
	at org.elasticsearch.bootstrap.Elasticsearch.main(Elasticsearch.java:93) ~[elasticsearch-6.8.5.jar:6.8.5]
Caused by: java.lang.IllegalStateException: Could not load plugin descriptor for plugin directory [ik]
	at org.elasticsearch.plugins.PluginsService.readPluginBundle(PluginsService.java:401) ~[elasticsearch-6.8.5.jar:6.8.5]
	at org.elasticsearch.plugins.PluginsService.findBundles(PluginsService.java:386) ~[elasticsearch-6.8.5.jar:6.8.5]
	at org.elasticsearch.plugins.PluginsService.getPluginBundles(PluginsService.java:379) ~[elasticsearch-6.8.5.jar:6.8.5]
	at org.elasticsearch.plugins.PluginsService.<init>(PluginsService.java:151) ~[elasticsearch-6.8.5.jar:6.8.5]
	at org.elasticsearch.node.Node.<init>(Node.java:339) ~[elasticsearch-6.8.5.jar:6.8.5]
	at org.elasticsearch.node.Node.<init>(Node.java:266) ~[elasticsearch-6.8.5.jar:6.8.5]
	at org.elasticsearch.bootstrap.Bootstrap$5.<init>(Bootstrap.java:212) ~[elasticsearch-6.8.5.jar:6.8.5]
	at org.elasticsearch.bootstrap.Bootstrap.setup(Bootstrap.java:212) ~[elasticsearch-6.8.5.jar:6.8.5]
	at org.elasticsearch.bootstrap.Bootstrap.init(Bootstrap.java:333) ~[elasticsearch-6.8.5.jar:6.8.5]
	at org.elasticsearch.bootstrap.Elasticsearch.init(Elasticsearch.java:159) ~[elasticsearch-6.8.5.jar:6.8.5]
	... 6 more
Caused by: java.nio.file.NoSuchFileException: /www/wwwroot/elasticsearch-6.8.5/plugins/ik/plugin-descriptor.properties
	at sun.nio.fs.UnixException.translateToIOException(UnixException.java:86) ~[?:?]
	at sun.nio.fs.UnixException.rethrowAsIOException(UnixException.java:102) ~[?:?]
	at sun.nio.fs.UnixException.rethrowAsIOException(UnixException.java:107) ~[?:?]
	at sun.nio.fs.UnixFileSystemProvider.newByteChannel(UnixFileSystemProvider.java:214) ~[?:?]
	at java.nio.file.Files.newByteChannel(Files.java:361) ~[?:1.8.0_292]
	at java.nio.file.Files.newByteChannel(Files.java:407) ~[?:1.8.0_292]
	at java.nio.file.spi.FileSystemProvider.newInputStream(FileSystemProvider.java:384) ~[?:1.8.0_292]
	at java.nio.file.Files.newInputStream(Files.java:152) ~[?:1.8.0_292]
	at org.elasticsearch.plugins.PluginInfo.readFromProperties(PluginInfo.java:162) ~[elasticsearch-6.8.5.jar:6.8.5]
	at org.elasticsearch.plugins.PluginsService.readPluginBundle(PluginsService.java:398) ~[elasticsearch-6.8.5.jar:6.8.5]
	at org.elasticsearch.plugins.PluginsService.findBundles(PluginsService.java:386) ~[elasticsearch-6.8.5.jar:6.8.5]
	at org.elasticsearch.plugins.PluginsService.getPluginBundles(PluginsService.java:379) ~[elasticsearch-6.8.5.jar:6.8.5]
	at org.elasticsearch.plugins.PluginsService.<init>(PluginsService.java:151) ~[elasticsearch-6.8.5.jar:6.8.5]
	at org.elasticsearch.node.Node.<init>(Node.java:339) ~[elasticsearch-6.8.5.jar:6.8.5]
	at org.elasticsearch.node.Node.<init>(Node.java:266) ~[elasticsearch-6.8.5.jar:6.8.5]
	at org.elasticsearch.bootstrap.Bootstrap$5.<init>(Bootstrap.java:212) ~[elasticsearch-6.8.5.jar:6.8.5]
	at org.elasticsearch.bootstrap.Bootstrap.setup(Bootstrap.java:212) ~[elasticsearch-6.8.5.jar:6.8.5]
	at org.elasticsearch.bootstrap.Bootstrap.init(Bootstrap.java:333) ~[elasticsearch-6.8.5.jar:6.8.5]
	at org.elasticsearch.bootstrap.Elasticsearch.init(Elasticsearch.java:159) ~[elasticsearch-6.8.5.jar:6.8.5]
	... 6 more
[2021-05-06T17:59:21,337][INFO ][o.e.e.NodeEnvironment    ] [VfeL3XW] using [1] data paths, mounts [[/ (/dev/vda1)]], net usable_space [22.2gb], net total_space [39.9gb], types [xfs]
[2021-05-06T17:59:21,339][INFO ][o.e.e.NodeEnvironment    ] [VfeL3XW] heap size [990.7mb], compressed ordinary object pointers [true]
[2021-05-06T17:59:21,340][INFO ][o.e.n.Node               ] [VfeL3XW] node name derived from node ID [VfeL3XWSQ1yfnVb2EB4ieA]; set [node.name] to override
[2021-05-06T17:59:21,341][INFO ][o.e.n.Node               ] [VfeL3XW] version[6.8.5], pid[7681], build[oss/tar/78990e9/2019-11-13T20:04:24.100411Z], OS[Linux/4.18.0-147.5.1.el8_1.x86_64/amd64], JVM[Red Hat, Inc./OpenJDK 64-Bit Server VM/1.8.0_292/25.292-b10]
[2021-05-06T17:59:21,341][INFO ][o.e.n.Node               ] [VfeL3XW] JVM arguments [-Xms1g, -Xmx1g, -XX:+UseConcMarkSweepGC, -XX:CMSInitiatingOccupancyFraction=75, -XX:+UseCMSInitiatingOccupancyOnly, -Des.networkaddress.cache.ttl=60, -Des.networkaddress.cache.negative.ttl=10, -XX:+AlwaysPreTouch, -Xss1m, -Djava.awt.headless=true, -Dfile.encoding=UTF-8, -Djna.nosys=true, -XX:-OmitStackTraceInFastThrow, -Dio.netty.noUnsafe=true, -Dio.netty.noKeySetOptimization=true, -Dio.netty.recycler.maxCapacityPerThread=0, -Dlog4j.shutdownHookEnabled=false, -Dlog4j2.disable.jmx=true, -Djava.io.tmpdir=/tmp/elasticsearch-2461028758600893804, -XX:+HeapDumpOnOutOfMemoryError, -XX:HeapDumpPath=data, -XX:ErrorFile=logs/hs_err_pid%p.log, -XX:+PrintGCDetails, -XX:+PrintGCDateStamps, -XX:+PrintTenuringDistribution, -XX:+PrintGCApplicationStoppedTime, -Xloggc:logs/gc.log, -XX:+UseGCLogFileRotation, -XX:NumberOfGCLogFiles=32, -XX:GCLogFileSize=64m, -Des.path.home=/www/wwwroot/elasticsearch-6.8.5, -Des.path.conf=/www/wwwroot/elasticsearch-6.8.5/config, -Des.distribution.flavor=oss, -Des.distribution.type=tar]
[2021-05-06T17:59:21,355][ERROR][o.e.b.Bootstrap          ] [VfeL3XW] Exception
java.lang.IllegalStateException: Could not load plugin descriptor for plugin directory [ik]
	at org.elasticsearch.plugins.PluginsService.readPluginBundle(PluginsService.java:401) ~[elasticsearch-6.8.5.jar:6.8.5]
	at org.elasticsearch.plugins.PluginsService.findBundles(PluginsService.java:386) ~[elasticsearch-6.8.5.jar:6.8.5]
	at org.elasticsearch.plugins.PluginsService.getPluginBundles(PluginsService.java:379) ~[elasticsearch-6.8.5.jar:6.8.5]
	at org.elasticsearch.plugins.PluginsService.<init>(PluginsService.java:151) ~[elasticsearch-6.8.5.jar:6.8.5]
	at org.elasticsearch.node.Node.<init>(Node.java:339) ~[elasticsearch-6.8.5.jar:6.8.5]
	at org.elasticsearch.node.Node.<init>(Node.java:266) ~[elasticsearch-6.8.5.jar:6.8.5]
	at org.elasticsearch.bootstrap.Bootstrap$5.<init>(Bootstrap.java:212) ~[elasticsearch-6.8.5.jar:6.8.5]
	at org.elasticsearch.bootstrap.Bootstrap.setup(Bootstrap.java:212) ~[elasticsearch-6.8.5.jar:6.8.5]
	at org.elasticsearch.bootstrap.Bootstrap.init(Bootstrap.java:333) [elasticsearch-6.8.5.jar:6.8.5]
	at org.elasticsearch.bootstrap.Elasticsearch.init(Elasticsearch.java:159) [elasticsearch-6.8.5.jar:6.8.5]
	at org.elasticsearch.bootstrap.Elasticsearch.execute(Elasticsearch.java:150) [elasticsearch-6.8.5.jar:6.8.5]
	at org.elasticsearch.cli.EnvironmentAwareCommand.execute(EnvironmentAwareCommand.java:86) [elasticsearch-6.8.5.jar:6.8.5]
	at org.elasticsearch.cli.Command.mainWithoutErrorHandling(Command.java:124) [elasticsearch-cli-6.8.5.jar:6.8.5]
	at org.elasticsearch.cli.Command.main(Command.java:90) [elasticsearch-cli-6.8.5.jar:6.8.5]
	at org.elasticsearch.bootstrap.Elasticsearch.main(Elasticsearch.java:116) [elasticsearch-6.8.5.jar:6.8.5]
	at org.elasticsearch.bootstrap.Elasticsearch.main(Elasticsearch.java:93) [elasticsearch-6.8.5.jar:6.8.5]
Caused by: java.nio.file.NoSuchFileException: /www/wwwroot/elasticsearch-6.8.5/plugins/ik/plugin-descriptor.properties
	at sun.nio.fs.UnixException.translateToIOException(UnixException.java:86) ~[?:?]
	at sun.nio.fs.UnixException.rethrowAsIOException(UnixException.java:102) ~[?:?]
	at sun.nio.fs.UnixException.rethrowAsIOException(UnixException.java:107) ~[?:?]
	at sun.nio.fs.UnixFileSystemProvider.newByteChannel(UnixFileSystemProvider.java:214) ~[?:?]
	at java.nio.file.Files.newByteChannel(Files.java:361) ~[?:1.8.0_292]
	at java.nio.file.Files.newByteChannel(Files.java:407) ~[?:1.8.0_292]
	at java.nio.file.spi.FileSystemProvider.newInputStream(FileSystemProvider.java:384) ~[?:1.8.0_292]
	at java.nio.file.Files.newInputStream(Files.java:152) ~[?:1.8.0_292]
	at org.elasticsearch.plugins.PluginInfo.readFromProperties(PluginInfo.java:162) ~[elasticsearch-6.8.5.jar:6.8.5]
	at org.elasticsearch.plugins.PluginsService.readPluginBundle(PluginsService.java:398) ~[elasticsearch-6.8.5.jar:6.8.5]
	... 15 more
[2021-05-06T17:59:21,362][WARN ][o.e.b.ElasticsearchUncaughtExceptionHandler] [VfeL3XW] uncaught exception in thread [main]
org.elasticsearch.bootstrap.StartupException: java.lang.IllegalStateException: Could not load plugin descriptor for plugin directory [ik]
	at org.elasticsearch.bootstrap.Elasticsearch.init(Elasticsearch.java:163) ~[elasticsearch-6.8.5.jar:6.8.5]
	at org.elasticsearch.bootstrap.Elasticsearch.execute(Elasticsearch.java:150) ~[elasticsearch-6.8.5.jar:6.8.5]
	at org.elasticsearch.cli.EnvironmentAwareCommand.execute(EnvironmentAwareCommand.java:86) ~[elasticsearch-6.8.5.jar:6.8.5]
	at org.elasticsearch.cli.Command.mainWithoutErrorHandling(Command.java:124) ~[elasticsearch-cli-6.8.5.jar:6.8.5]
	at org.elasticsearch.cli.Command.main(Command.java:90) ~[elasticsearch-cli-6.8.5.jar:6.8.5]
	at org.elasticsearch.bootstrap.Elasticsearch.main(Elasticsearch.java:116) ~[elasticsearch-6.8.5.jar:6.8.5]
	at org.elasticsearch.bootstrap.Elasticsearch.main(Elasticsearch.java:93) ~[elasticsearch-6.8.5.jar:6.8.5]
Caused by: java.lang.IllegalStateException: Could not load plugin descriptor for plugin directory [ik]
	at org.elasticsearch.plugins.PluginsService.readPluginBundle(PluginsService.java:401) ~[elasticsearch-6.8.5.jar:6.8.5]
	at org.elasticsearch.plugins.PluginsService.findBundles(PluginsService.java:386) ~[elasticsearch-6.8.5.jar:6.8.5]
	at org.elasticsearch.plugins.PluginsService.getPluginBundles(PluginsService.java:379) ~[elasticsearch-6.8.5.jar:6.8.5]
	at org.elasticsearch.plugins.PluginsService.<init>(PluginsService.java:151) ~[elasticsearch-6.8.5.jar:6.8.5]
	at org.elasticsearch.node.Node.<init>(Node.java:339) ~[elasticsearch-6.8.5.jar:6.8.5]
	at org.elasticsearch.node.Node.<init>(Node.java:266) ~[elasticsearch-6.8.5.jar:6.8.5]
	at org.elasticsearch.bootstrap.Bootstrap$5.<init>(Bootstrap.java:212) ~[elasticsearch-6.8.5.jar:6.8.5]
	at org.elasticsearch.bootstrap.Bootstrap.setup(Bootstrap.java:212) ~[elasticsearch-6.8.5.jar:6.8.5]
	at org.elasticsearch.bootstrap.Bootstrap.init(Bootstrap.java:333) ~[elasticsearch-6.8.5.jar:6.8.5]
	at org.elasticsearch.bootstrap.Elasticsearch.init(Elasticsearch.java:159) ~[elasticsearch-6.8.5.jar:6.8.5]
	... 6 more
Caused by: java.nio.file.NoSuchFileException: /www/wwwroot/elasticsearch-6.8.5/plugins/ik/plugin-descriptor.properties
	at sun.nio.fs.UnixException.translateToIOException(UnixException.java:86) ~[?:?]
	at sun.nio.fs.UnixException.rethrowAsIOException(UnixException.java:102) ~[?:?]
	at sun.nio.fs.UnixException.rethrowAsIOException(UnixException.java:107) ~[?:?]
	at sun.nio.fs.UnixFileSystemProvider.newByteChannel(UnixFileSystemProvider.java:214) ~[?:?]
	at java.nio.file.Files.newByteChannel(Files.java:361) ~[?:1.8.0_292]
	at java.nio.file.Files.newByteChannel(Files.java:407) ~[?:1.8.0_292]
	at java.nio.file.spi.FileSystemProvider.newInputStream(FileSystemProvider.java:384) ~[?:1.8.0_292]
	at java.nio.file.Files.newInputStream(Files.java:152) ~[?:1.8.0_292]
	at org.elasticsearch.plugins.PluginInfo.readFromProperties(PluginInfo.java:162) ~[elasticsearch-6.8.5.jar:6.8.5]
	at org.elasticsearch.plugins.PluginsService.readPluginBundle(PluginsService.java:398) ~[elasticsearch-6.8.5.jar:6.8.5]
	at org.elasticsearch.plugins.PluginsService.findBundles(PluginsService.java:386) ~[elasticsearch-6.8.5.jar:6.8.5]
	at org.elasticsearch.plugins.PluginsService.getPluginBundles(PluginsService.java:379) ~[elasticsearch-6.8.5.jar:6.8.5]
	at org.elasticsearch.plugins.PluginsService.<init>(PluginsService.java:151) ~[elasticsearch-6.8.5.jar:6.8.5]
	at org.elasticsearch.node.Node.<init>(Node.java:339) ~[elasticsearch-6.8.5.jar:6.8.5]
	at org.elasticsearch.node.Node.<init>(Node.java:266) ~[elasticsearch-6.8.5.jar:6.8.5]
	at org.elasticsearch.bootstrap.Bootstrap$5.<init>(Bootstrap.java:212) ~[elasticsearch-6.8.5.jar:6.8.5]
	at org.elasticsearch.bootstrap.Bootstrap.setup(Bootstrap.java:212) ~[elasticsearch-6.8.5.jar:6.8.5]
	at org.elasticsearch.bootstrap.Bootstrap.init(Bootstrap.java:333) ~[elasticsearch-6.8.5.jar:6.8.5]
	at org.elasticsearch.bootstrap.Elasticsearch.init(Elasticsearch.java:159) ~[elasticsearch-6.8.5.jar:6.8.5]
	... 6 more
[2021-05-06T18:03:16,260][INFO ][o.e.e.NodeEnvironment    ] [VfeL3XW] using [1] data paths, mounts [[/ (/dev/vda1)]], net usable_space [22.2gb], net total_space [39.9gb], types [xfs]
[2021-05-06T18:03:16,263][INFO ][o.e.e.NodeEnvironment    ] [VfeL3XW] heap size [990.7mb], compressed ordinary object pointers [true]
[2021-05-06T18:03:16,265][INFO ][o.e.n.Node               ] [VfeL3XW] node name derived from node ID [VfeL3XWSQ1yfnVb2EB4ieA]; set [node.name] to override
[2021-05-06T18:03:16,265][INFO ][o.e.n.Node               ] [VfeL3XW] version[6.8.5], pid[8032], build[oss/tar/78990e9/2019-11-13T20:04:24.100411Z], OS[Linux/4.18.0-147.5.1.el8_1.x86_64/amd64], JVM[Red Hat, Inc./OpenJDK 64-Bit Server VM/1.8.0_292/25.292-b10]
[2021-05-06T18:03:16,265][INFO ][o.e.n.Node               ] [VfeL3XW] JVM arguments [-Xms1g, -Xmx1g, -XX:+UseConcMarkSweepGC, -XX:CMSInitiatingOccupancyFraction=75, -XX:+UseCMSInitiatingOccupancyOnly, -Des.networkaddress.cache.ttl=60, -Des.networkaddress.cache.negative.ttl=10, -XX:+AlwaysPreTouch, -Xss1m, -Djava.awt.headless=true, -Dfile.encoding=UTF-8, -Djna.nosys=true, -XX:-OmitStackTraceInFastThrow, -Dio.netty.noUnsafe=true, -Dio.netty.noKeySetOptimization=true, -Dio.netty.recycler.maxCapacityPerThread=0, -Dlog4j.shutdownHookEnabled=false, -Dlog4j2.disable.jmx=true, -Djava.io.tmpdir=/tmp/elasticsearch-8468781530084198685, -XX:+HeapDumpOnOutOfMemoryError, -XX:HeapDumpPath=data, -XX:ErrorFile=logs/hs_err_pid%p.log, -XX:+PrintGCDetails, -XX:+PrintGCDateStamps, -XX:+PrintTenuringDistribution, -XX:+PrintGCApplicationStoppedTime, -Xloggc:logs/gc.log, -XX:+UseGCLogFileRotation, -XX:NumberOfGCLogFiles=32, -XX:GCLogFileSize=64m, -Des.path.home=/www/wwwroot/elasticsearch-6.8.5, -Des.path.conf=/www/wwwroot/elasticsearch-6.8.5/config, -Des.distribution.flavor=oss, -Des.distribution.type=tar]
[2021-05-06T18:03:16,280][ERROR][o.e.b.Bootstrap          ] [VfeL3XW] Exception
java.lang.IllegalStateException: Could not load plugin descriptor for plugin directory [ik]
	at org.elasticsearch.plugins.PluginsService.readPluginBundle(PluginsService.java:401) ~[elasticsearch-6.8.5.jar:6.8.5]
	at org.elasticsearch.plugins.PluginsService.findBundles(PluginsService.java:386) ~[elasticsearch-6.8.5.jar:6.8.5]
	at org.elasticsearch.plugins.PluginsService.getPluginBundles(PluginsService.java:379) ~[elasticsearch-6.8.5.jar:6.8.5]
	at org.elasticsearch.plugins.PluginsService.<init>(PluginsService.java:151) ~[elasticsearch-6.8.5.jar:6.8.5]
	at org.elasticsearch.node.Node.<init>(Node.java:339) ~[elasticsearch-6.8.5.jar:6.8.5]
	at org.elasticsearch.node.Node.<init>(Node.java:266) ~[elasticsearch-6.8.5.jar:6.8.5]
	at org.elasticsearch.bootstrap.Bootstrap$5.<init>(Bootstrap.java:212) ~[elasticsearch-6.8.5.jar:6.8.5]
	at org.elasticsearch.bootstrap.Bootstrap.setup(Bootstrap.java:212) ~[elasticsearch-6.8.5.jar:6.8.5]
	at org.elasticsearch.bootstrap.Bootstrap.init(Bootstrap.java:333) [elasticsearch-6.8.5.jar:6.8.5]
	at org.elasticsearch.bootstrap.Elasticsearch.init(Elasticsearch.java:159) [elasticsearch-6.8.5.jar:6.8.5]
	at org.elasticsearch.bootstrap.Elasticsearch.execute(Elasticsearch.java:150) [elasticsearch-6.8.5.jar:6.8.5]
	at org.elasticsearch.cli.EnvironmentAwareCommand.execute(EnvironmentAwareCommand.java:86) [elasticsearch-6.8.5.jar:6.8.5]
	at org.elasticsearch.cli.Command.mainWithoutErrorHandling(Command.java:124) [elasticsearch-cli-6.8.5.jar:6.8.5]
	at org.elasticsearch.cli.Command.main(Command.java:90) [elasticsearch-cli-6.8.5.jar:6.8.5]
	at org.elasticsearch.bootstrap.Elasticsearch.main(Elasticsearch.java:116) [elasticsearch-6.8.5.jar:6.8.5]
	at org.elasticsearch.bootstrap.Elasticsearch.main(Elasticsearch.java:93) [elasticsearch-6.8.5.jar:6.8.5]
Caused by: java.nio.file.NoSuchFileException: /www/wwwroot/elasticsearch-6.8.5/plugins/ik/plugin-descriptor.properties
	at sun.nio.fs.UnixException.translateToIOException(UnixException.java:86) ~[?:?]
	at sun.nio.fs.UnixException.rethrowAsIOException(UnixException.java:102) ~[?:?]
	at sun.nio.fs.UnixException.rethrowAsIOException(UnixException.java:107) ~[?:?]
	at sun.nio.fs.UnixFileSystemProvider.newByteChannel(UnixFileSystemProvider.java:214) ~[?:?]
	at java.nio.file.Files.newByteChannel(Files.java:361) ~[?:1.8.0_292]
	at java.nio.file.Files.newByteChannel(Files.java:407) ~[?:1.8.0_292]
	at java.nio.file.spi.FileSystemProvider.newInputStream(FileSystemProvider.java:384) ~[?:1.8.0_292]
	at java.nio.file.Files.newInputStream(Files.java:152) ~[?:1.8.0_292]
	at org.elasticsearch.plugins.PluginInfo.readFromProperties(PluginInfo.java:162) ~[elasticsearch-6.8.5.jar:6.8.5]
	at org.elasticsearch.plugins.PluginsService.readPluginBundle(PluginsService.java:398) ~[elasticsearch-6.8.5.jar:6.8.5]
	... 15 more
[2021-05-06T18:03:16,287][WARN ][o.e.b.ElasticsearchUncaughtExceptionHandler] [VfeL3XW] uncaught exception in thread [main]
org.elasticsearch.bootstrap.StartupException: java.lang.IllegalStateException: Could not load plugin descriptor for plugin directory [ik]
	at org.elasticsearch.bootstrap.Elasticsearch.init(Elasticsearch.java:163) ~[elasticsearch-6.8.5.jar:6.8.5]
	at org.elasticsearch.bootstrap.Elasticsearch.execute(Elasticsearch.java:150) ~[elasticsearch-6.8.5.jar:6.8.5]
	at org.elasticsearch.cli.EnvironmentAwareCommand.execute(EnvironmentAwareCommand.java:86) ~[elasticsearch-6.8.5.jar:6.8.5]
	at org.elasticsearch.cli.Command.mainWithoutErrorHandling(Command.java:124) ~[elasticsearch-cli-6.8.5.jar:6.8.5]
	at org.elasticsearch.cli.Command.main(Command.java:90) ~[elasticsearch-cli-6.8.5.jar:6.8.5]
	at org.elasticsearch.bootstrap.Elasticsearch.main(Elasticsearch.java:116) ~[elasticsearch-6.8.5.jar:6.8.5]
	at org.elasticsearch.bootstrap.Elasticsearch.main(Elasticsearch.java:93) ~[elasticsearch-6.8.5.jar:6.8.5]
Caused by: java.lang.IllegalStateException: Could not load plugin descriptor for plugin directory [ik]
	at org.elasticsearch.plugins.PluginsService.readPluginBundle(PluginsService.java:401) ~[elasticsearch-6.8.5.jar:6.8.5]
	at org.elasticsearch.plugins.PluginsService.findBundles(PluginsService.java:386) ~[elasticsearch-6.8.5.jar:6.8.5]
	at org.elasticsearch.plugins.PluginsService.getPluginBundles(PluginsService.java:379) ~[elasticsearch-6.8.5.jar:6.8.5]
	at org.elasticsearch.plugins.PluginsService.<init>(PluginsService.java:151) ~[elasticsearch-6.8.5.jar:6.8.5]
	at org.elasticsearch.node.Node.<init>(Node.java:339) ~[elasticsearch-6.8.5.jar:6.8.5]
	at org.elasticsearch.node.Node.<init>(Node.java:266) ~[elasticsearch-6.8.5.jar:6.8.5]
	at org.elasticsearch.bootstrap.Bootstrap$5.<init>(Bootstrap.java:212) ~[elasticsearch-6.8.5.jar:6.8.5]
	at org.elasticsearch.bootstrap.Bootstrap.setup(Bootstrap.java:212) ~[elasticsearch-6.8.5.jar:6.8.5]
	at org.elasticsearch.bootstrap.Bootstrap.init(Bootstrap.java:333) ~[elasticsearch-6.8.5.jar:6.8.5]
	at org.elasticsearch.bootstrap.Elasticsearch.init(Elasticsearch.java:159) ~[elasticsearch-6.8.5.jar:6.8.5]
	... 6 more
Caused by: java.nio.file.NoSuchFileException: /www/wwwroot/elasticsearch-6.8.5/plugins/ik/plugin-descriptor.properties
	at sun.nio.fs.UnixException.translateToIOException(UnixException.java:86) ~[?:?]
	at sun.nio.fs.UnixException.rethrowAsIOException(UnixException.java:102) ~[?:?]
	at sun.nio.fs.UnixException.rethrowAsIOException(UnixException.java:107) ~[?:?]
	at sun.nio.fs.UnixFileSystemProvider.newByteChannel(UnixFileSystemProvider.java:214) ~[?:?]
	at java.nio.file.Files.newByteChannel(Files.java:361) ~[?:1.8.0_292]
	at java.nio.file.Files.newByteChannel(Files.java:407) ~[?:1.8.0_292]
	at java.nio.file.spi.FileSystemProvider.newInputStream(FileSystemProvider.java:384) ~[?:1.8.0_292]
	at java.nio.file.Files.newInputStream(Files.java:152) ~[?:1.8.0_292]
	at org.elasticsearch.plugins.PluginInfo.readFromProperties(PluginInfo.java:162) ~[elasticsearch-6.8.5.jar:6.8.5]
	at org.elasticsearch.plugins.PluginsService.readPluginBundle(PluginsService.java:398) ~[elasticsearch-6.8.5.jar:6.8.5]
	at org.elasticsearch.plugins.PluginsService.findBundles(PluginsService.java:386) ~[elasticsearch-6.8.5.jar:6.8.5]
	at org.elasticsearch.plugins.PluginsService.getPluginBundles(PluginsService.java:379) ~[elasticsearch-6.8.5.jar:6.8.5]
	at org.elasticsearch.plugins.PluginsService.<init>(PluginsService.java:151) ~[elasticsearch-6.8.5.jar:6.8.5]
	at org.elasticsearch.node.Node.<init>(Node.java:339) ~[elasticsearch-6.8.5.jar:6.8.5]
	at org.elasticsearch.node.Node.<init>(Node.java:266) ~[elasticsearch-6.8.5.jar:6.8.5]
	at org.elasticsearch.bootstrap.Bootstrap$5.<init>(Bootstrap.java:212) ~[elasticsearch-6.8.5.jar:6.8.5]
	at org.elasticsearch.bootstrap.Bootstrap.setup(Bootstrap.java:212) ~[elasticsearch-6.8.5.jar:6.8.5]
	at org.elasticsearch.bootstrap.Bootstrap.init(Bootstrap.java:333) ~[elasticsearch-6.8.5.jar:6.8.5]
	at org.elasticsearch.bootstrap.Elasticsearch.init(Elasticsearch.java:159) ~[elasticsearch-6.8.5.jar:6.8.5]
	... 6 more
[2021-05-06T18:10:09,112][INFO ][o.e.e.NodeEnvironment    ] [VfeL3XW] using [1] data paths, mounts [[/ (/dev/vda1)]], net usable_space [22.2gb], net total_space [39.9gb], types [xfs]
[2021-05-06T18:10:09,115][INFO ][o.e.e.NodeEnvironment    ] [VfeL3XW] heap size [990.7mb], compressed ordinary object pointers [true]
[2021-05-06T18:10:09,116][INFO ][o.e.n.Node               ] [VfeL3XW] node name derived from node ID [VfeL3XWSQ1yfnVb2EB4ieA]; set [node.name] to override
[2021-05-06T18:10:09,116][INFO ][o.e.n.Node               ] [VfeL3XW] version[6.8.5], pid[8552], build[oss/tar/78990e9/2019-11-13T20:04:24.100411Z], OS[Linux/4.18.0-147.5.1.el8_1.x86_64/amd64], JVM[Red Hat, Inc./OpenJDK 64-Bit Server VM/1.8.0_292/25.292-b10]
[2021-05-06T18:10:09,117][INFO ][o.e.n.Node               ] [VfeL3XW] JVM arguments [-Xms1g, -Xmx1g, -XX:+UseConcMarkSweepGC, -XX:CMSInitiatingOccupancyFraction=75, -XX:+UseCMSInitiatingOccupancyOnly, -Des.networkaddress.cache.ttl=60, -Des.networkaddress.cache.negative.ttl=10, -XX:+AlwaysPreTouch, -Xss1m, -Djava.awt.headless=true, -Dfile.encoding=UTF-8, -Djna.nosys=true, -XX:-OmitStackTraceInFastThrow, -Dio.netty.noUnsafe=true, -Dio.netty.noKeySetOptimization=true, -Dio.netty.recycler.maxCapacityPerThread=0, -Dlog4j.shutdownHookEnabled=false, -Dlog4j2.disable.jmx=true, -Djava.io.tmpdir=/tmp/elasticsearch-8779511693872307745, -XX:+HeapDumpOnOutOfMemoryError, -XX:HeapDumpPath=data, -XX:ErrorFile=logs/hs_err_pid%p.log, -XX:+PrintGCDetails, -XX:+PrintGCDateStamps, -XX:+PrintTenuringDistribution, -XX:+PrintGCApplicationStoppedTime, -Xloggc:logs/gc.log, -XX:+UseGCLogFileRotation, -XX:NumberOfGCLogFiles=32, -XX:GCLogFileSize=64m, -Des.path.home=/www/wwwroot/elasticsearch-6.8.5, -Des.path.conf=/www/wwwroot/elasticsearch-6.8.5/config, -Des.distribution.flavor=oss, -Des.distribution.type=tar]
[2021-05-06T18:10:09,821][INFO ][o.e.p.PluginsService     ] [VfeL3XW] loaded module [aggs-matrix-stats]
[2021-05-06T18:10:09,822][INFO ][o.e.p.PluginsService     ] [VfeL3XW] loaded module [analysis-common]
[2021-05-06T18:10:09,822][INFO ][o.e.p.PluginsService     ] [VfeL3XW] loaded module [ingest-common]
[2021-05-06T18:10:09,822][INFO ][o.e.p.PluginsService     ] [VfeL3XW] loaded module [ingest-geoip]
[2021-05-06T18:10:09,822][INFO ][o.e.p.PluginsService     ] [VfeL3XW] loaded module [ingest-user-agent]
[2021-05-06T18:10:09,822][INFO ][o.e.p.PluginsService     ] [VfeL3XW] loaded module [lang-expression]
[2021-05-06T18:10:09,822][INFO ][o.e.p.PluginsService     ] [VfeL3XW] loaded module [lang-mustache]
[2021-05-06T18:10:09,822][INFO ][o.e.p.PluginsService     ] [VfeL3XW] loaded module [lang-painless]
[2021-05-06T18:10:09,822][INFO ][o.e.p.PluginsService     ] [VfeL3XW] loaded module [mapper-extras]
[2021-05-06T18:10:09,822][INFO ][o.e.p.PluginsService     ] [VfeL3XW] loaded module [parent-join]
[2021-05-06T18:10:09,822][INFO ][o.e.p.PluginsService     ] [VfeL3XW] loaded module [percolator]
[2021-05-06T18:10:09,823][INFO ][o.e.p.PluginsService     ] [VfeL3XW] loaded module [rank-eval]
[2021-05-06T18:10:09,823][INFO ][o.e.p.PluginsService     ] [VfeL3XW] loaded module [reindex]
[2021-05-06T18:10:09,823][INFO ][o.e.p.PluginsService     ] [VfeL3XW] loaded module [repository-url]
[2021-05-06T18:10:09,823][INFO ][o.e.p.PluginsService     ] [VfeL3XW] loaded module [transport-netty4]
[2021-05-06T18:10:09,823][INFO ][o.e.p.PluginsService     ] [VfeL3XW] loaded module [tribe]
[2021-05-06T18:10:09,823][INFO ][o.e.p.PluginsService     ] [VfeL3XW] no plugins loaded
[2021-05-06T18:10:12,464][INFO ][o.e.d.DiscoveryModule    ] [VfeL3XW] using discovery type [zen] and host providers [settings]
[2021-05-06T18:10:12,841][INFO ][o.e.n.Node               ] [VfeL3XW] initialized
[2021-05-06T18:10:12,841][INFO ][o.e.n.Node               ] [VfeL3XW] starting ...
[2021-05-06T18:10:12,929][INFO ][o.e.t.TransportService   ] [VfeL3XW] publish_address {127.0.0.1:9300}, bound_addresses {127.0.0.1:9300}
[2021-05-06T18:10:12,937][WARN ][o.e.b.BootstrapChecks    ] [VfeL3XW] max virtual memory areas vm.max_map_count [65530] is too low, increase to at least [262144]
[2021-05-06T18:10:15,975][INFO ][o.e.c.s.MasterService    ] [VfeL3XW] zen-disco-elected-as-master ([0] nodes joined), reason: new_master {VfeL3XW}{VfeL3XWSQ1yfnVb2EB4ieA}{Wj4g7PaDSd6ddtbiButJaQ}{127.0.0.1}{127.0.0.1:9300}
[2021-05-06T18:10:15,979][INFO ][o.e.c.s.ClusterApplierService] [VfeL3XW] new_master {VfeL3XW}{VfeL3XWSQ1yfnVb2EB4ieA}{Wj4g7PaDSd6ddtbiButJaQ}{127.0.0.1}{127.0.0.1:9300}, reason: apply cluster state (from master [master {VfeL3XW}{VfeL3XWSQ1yfnVb2EB4ieA}{Wj4g7PaDSd6ddtbiButJaQ}{127.0.0.1}{127.0.0.1:9300} committed version [1] source [zen-disco-elected-as-master ([0] nodes joined)]])
[2021-05-06T18:10:15,998][INFO ][o.e.h.n.Netty4HttpServerTransport] [VfeL3XW] publish_address {127.0.0.1:9200}, bound_addresses {127.0.0.1:9200}
[2021-05-06T18:10:15,998][INFO ][o.e.n.Node               ] [VfeL3XW] started
[2021-05-06T18:10:16,009][INFO ][o.e.g.GatewayService     ] [VfeL3XW] recovered [0] indices into cluster_state
[2021-05-06T18:13:38,514][INFO ][o.e.c.m.MetaDataCreateIndexService] [VfeL3XW] [search_1] creating index, cause [auto(bulk api)], templates [], shards [5]/[1], mappings []
[2021-05-06T18:13:38,863][INFO ][o.e.c.m.MetaDataMappingService] [VfeL3XW] [search_1/2rPnPy9iTUaWOBP1iOsYJQ] create_mapping [search_1]
[2021-05-06T18:14:50,386][INFO ][o.e.n.Node               ] [VfeL3XW] stopping ...
[2021-05-06T18:14:50,438][INFO ][o.e.n.Node               ] [VfeL3XW] stopped
[2021-05-06T18:14:50,438][INFO ][o.e.n.Node               ] [VfeL3XW] closing ...
[2021-05-06T18:14:50,444][INFO ][o.e.n.Node               ] [VfeL3XW] closed
[2021-05-06T18:14:58,550][INFO ][o.e.e.NodeEnvironment    ] [VfeL3XW] using [1] data paths, mounts [[/ (/dev/vda1)]], net usable_space [22.2gb], net total_space [39.9gb], types [xfs]
[2021-05-06T18:14:58,552][INFO ][o.e.e.NodeEnvironment    ] [VfeL3XW] heap size [990.7mb], compressed ordinary object pointers [true]
[2021-05-06T18:14:58,562][INFO ][o.e.n.Node               ] [VfeL3XW] node name derived from node ID [VfeL3XWSQ1yfnVb2EB4ieA]; set [node.name] to override
[2021-05-06T18:14:58,563][INFO ][o.e.n.Node               ] [VfeL3XW] version[6.8.5], pid[9082], build[oss/tar/78990e9/2019-11-13T20:04:24.100411Z], OS[Linux/4.18.0-147.5.1.el8_1.x86_64/amd64], JVM[Red Hat, Inc./OpenJDK 64-Bit Server VM/1.8.0_292/25.292-b10]
[2021-05-06T18:14:58,563][INFO ][o.e.n.Node               ] [VfeL3XW] JVM arguments [-Xms1g, -Xmx1g, -XX:+UseConcMarkSweepGC, -XX:CMSInitiatingOccupancyFraction=75, -XX:+UseCMSInitiatingOccupancyOnly, -Des.networkaddress.cache.ttl=60, -Des.networkaddress.cache.negative.ttl=10, -XX:+AlwaysPreTouch, -Xss1m, -Djava.awt.headless=true, -Dfile.encoding=UTF-8, -Djna.nosys=true, -XX:-OmitStackTraceInFastThrow, -Dio.netty.noUnsafe=true, -Dio.netty.noKeySetOptimization=true, -Dio.netty.recycler.maxCapacityPerThread=0, -Dlog4j.shutdownHookEnabled=false, -Dlog4j2.disable.jmx=true, -Djava.io.tmpdir=/tmp/elasticsearch-3110179424842292165, -XX:+HeapDumpOnOutOfMemoryError, -XX:HeapDumpPath=data, -XX:ErrorFile=logs/hs_err_pid%p.log, -XX:+PrintGCDetails, -XX:+PrintGCDateStamps, -XX:+PrintTenuringDistribution, -XX:+PrintGCApplicationStoppedTime, -Xloggc:logs/gc.log, -XX:+UseGCLogFileRotation, -XX:NumberOfGCLogFiles=32, -XX:GCLogFileSize=64m, -Des.path.home=/www/wwwroot/elasticsearch-6.8.5, -Des.path.conf=/www/wwwroot/elasticsearch-6.8.5/config, -Des.distribution.flavor=oss, -Des.distribution.type=tar]
[2021-05-06T18:14:59,165][INFO ][o.e.p.PluginsService     ] [VfeL3XW] loaded module [aggs-matrix-stats]
[2021-05-06T18:14:59,165][INFO ][o.e.p.PluginsService     ] [VfeL3XW] loaded module [analysis-common]
[2021-05-06T18:14:59,165][INFO ][o.e.p.PluginsService     ] [VfeL3XW] loaded module [ingest-common]
[2021-05-06T18:14:59,165][INFO ][o.e.p.PluginsService     ] [VfeL3XW] loaded module [ingest-geoip]
[2021-05-06T18:14:59,165][INFO ][o.e.p.PluginsService     ] [VfeL3XW] loaded module [ingest-user-agent]
[2021-05-06T18:14:59,165][INFO ][o.e.p.PluginsService     ] [VfeL3XW] loaded module [lang-expression]
[2021-05-06T18:14:59,165][INFO ][o.e.p.PluginsService     ] [VfeL3XW] loaded module [lang-mustache]
[2021-05-06T18:14:59,166][INFO ][o.e.p.PluginsService     ] [VfeL3XW] loaded module [lang-painless]
[2021-05-06T18:14:59,166][INFO ][o.e.p.PluginsService     ] [VfeL3XW] loaded module [mapper-extras]
[2021-05-06T18:14:59,166][INFO ][o.e.p.PluginsService     ] [VfeL3XW] loaded module [parent-join]
[2021-05-06T18:14:59,166][INFO ][o.e.p.PluginsService     ] [VfeL3XW] loaded module [percolator]
[2021-05-06T18:14:59,166][INFO ][o.e.p.PluginsService     ] [VfeL3XW] loaded module [rank-eval]
[2021-05-06T18:14:59,166][INFO ][o.e.p.PluginsService     ] [VfeL3XW] loaded module [reindex]
[2021-05-06T18:14:59,166][INFO ][o.e.p.PluginsService     ] [VfeL3XW] loaded module [repository-url]
[2021-05-06T18:14:59,166][INFO ][o.e.p.PluginsService     ] [VfeL3XW] loaded module [transport-netty4]
[2021-05-06T18:14:59,166][INFO ][o.e.p.PluginsService     ] [VfeL3XW] loaded module [tribe]
[2021-05-06T18:14:59,166][INFO ][o.e.p.PluginsService     ] [VfeL3XW] no plugins loaded
[2021-05-06T18:15:01,910][INFO ][o.e.d.DiscoveryModule    ] [VfeL3XW] using discovery type [zen] and host providers [settings]
[2021-05-06T18:15:02,280][INFO ][o.e.n.Node               ] [VfeL3XW] initialized
[2021-05-06T18:15:02,281][INFO ][o.e.n.Node               ] [VfeL3XW] starting ...
[2021-05-06T18:15:02,375][INFO ][o.e.t.TransportService   ] [VfeL3XW] publish_address {127.0.0.1:9300}, bound_addresses {127.0.0.1:9300}
[2021-05-06T18:15:02,389][WARN ][o.e.b.BootstrapChecks    ] [VfeL3XW] max virtual memory areas vm.max_map_count [65530] is too low, increase to at least [262144]
[2021-05-06T18:15:05,435][INFO ][o.e.c.s.MasterService    ] [VfeL3XW] zen-disco-elected-as-master ([0] nodes joined), reason: new_master {VfeL3XW}{VfeL3XWSQ1yfnVb2EB4ieA}{b0i0ZWG_RFGZybmeItx9Fw}{127.0.0.1}{127.0.0.1:9300}
[2021-05-06T18:15:05,439][INFO ][o.e.c.s.ClusterApplierService] [VfeL3XW] new_master {VfeL3XW}{VfeL3XWSQ1yfnVb2EB4ieA}{b0i0ZWG_RFGZybmeItx9Fw}{127.0.0.1}{127.0.0.1:9300}, reason: apply cluster state (from master [master {VfeL3XW}{VfeL3XWSQ1yfnVb2EB4ieA}{b0i0ZWG_RFGZybmeItx9Fw}{127.0.0.1}{127.0.0.1:9300} committed version [1] source [zen-disco-elected-as-master ([0] nodes joined)]])
[2021-05-06T18:15:05,481][INFO ][o.e.h.n.Netty4HttpServerTransport] [VfeL3XW] publish_address {127.0.0.1:9200}, bound_addresses {127.0.0.1:9200}
[2021-05-06T18:15:05,481][INFO ][o.e.n.Node               ] [VfeL3XW] started
[2021-05-06T18:15:05,612][INFO ][o.e.g.GatewayService     ] [VfeL3XW] recovered [1] indices into cluster_state
[2021-05-06T18:15:05,863][INFO ][o.e.c.r.a.AllocationService] [VfeL3XW] Cluster health status changed from [RED] to [YELLOW] (reason: [shards started [[search_1][1]] ...]).
